#
# There is insufficient memory for the Java Runtime Environment to continue.
# Native memory allocation (mmap) failed to map 72351744 bytes for Failed to commit area from 0x0000000089800000 to 0x000000008dd00000 of length 72351744.
# Possible reasons:
#   The system is out of physical RAM or swap space
#   The process is running with CompressedOops enabled, and the Java Heap may be blocking the growth of the native heap
# Possible solutions:
#   Reduce memory load on the system
#   Increase physical memory or swap space
#   Check if swap backing store is full
#   Decrease Java heap size (-Xmx/-Xms)
#   Decrease number of Java threads
#   Decrease Java thread stack sizes (-Xss)
#   Set larger code cache with -XX:ReservedCodeCacheSize=
#   JVM is running with Unscaled Compressed Oops mode in which the Java heap is
#     placed in the first 4GB address space. The Java Heap base address is the
#     maximum limit for the native heap growth. Please use -XX:HeapBaseMinAddress
#     to set the Java Heap base and to place the Java Heap above 4GB virtual address.
# This output file may be truncated or incomplete.
#
#  Out of Memory Error (./src/hotspot/os/windows/os_windows.cpp:3521), pid=5980, tid=12140
#
# JRE version: OpenJDK Runtime Environment (11.0.12+7) (build 11.0.12+7-b1504.28-7817840)
# Java VM: OpenJDK 64-Bit Server VM (11.0.12+7-b1504.28-7817840, mixed mode, tiered, compressed oops, g1 gc, windows-amd64)
# No core dump will be written. Minidumps are not enabled by default on client versions of Windows
#

---------------  S U M M A R Y ------------

Command Line: --add-opens=java.base/java.util=ALL-UNNAMED --add-opens=java.base/java.lang=ALL-UNNAMED --add-opens=java.base/java.lang.invoke=ALL-UNNAMED --add-opens=java.prefs/java.util.prefs=ALL-UNNAMED -Xmx2048m -Dfile.encoding=UTF-8 -Duser.country=US -Duser.language=en -Duser.variant org.gradle.launcher.daemon.bootstrap.GradleDaemon 6.5

Host: Intel(R) Core(TM) i5-6300U CPU @ 2.40GHz, 4 cores, 7G,  Windows 10 , 64 bit Build 19041 (10.0.19041.2251)
Time: Mon Nov 21 09:53:06 2022 SE Asia Standard Time elapsed time: 52.450785 seconds (0d 0h 0m 52s)

---------------  T H R E A D  ---------------

Current thread (0x000001663f187800):  VMThread "VM Thread" [stack: 0x00000032a6e00000,0x00000032a6f00000] [id=12140]

Stack: [0x00000032a6e00000,0x00000032a6f00000]
[error occurred during error reporting (printing stack bounds), id 0xc0000005, EXCEPTION_ACCESS_VIOLATION (0xc0000005) at pc=0x000001662892112d]

Native frames: (J=compiled Java code, j=interpreted, Vv=VM code, C=native code)
V  [jvm.dll+0x5fbcea]
V  [jvm.dll+0x731905]
V  [jvm.dll+0x732f1d]
V  [jvm.dll+0x733535]
V  [jvm.dll+0x7334eb]
V  [jvm.dll+0x5fb080]
V  [jvm.dll+0x5fb818]
C  [ntdll.dll+0xa241f]
C  [ntdll.dll+0x514a4]
C  [ntdll.dll+0xa0f4e]
C  0x000001662892112d

VM_Operation (0x00000032af6f6170): G1CollectForAllocation, mode: safepoint, requested by thread 0x000001664254e800


---------------  P R O C E S S  ---------------

Threads class SMR info:
_java_thread_list=0x0000016646565770, length=140, elements={
0x0000016624e0a800, 0x000001663f18c000, 0x000001663f18d800, 0x000001663f1a5000,
0x000001663f1a7000, 0x000001663f1a8800, 0x000001663f1ae800, 0x000001663f1d9800,
0x000001663fb6c000, 0x000001663fc61000, 0x000001664055a000, 0x0000016641320800,
0x0000016641a0d800, 0x0000016640b04800, 0x000001664142b800, 0x0000016640ecb000,
0x00000166414f4000, 0x0000016641b66800, 0x00000166419be000, 0x0000016641913000,
0x0000016641914800, 0x0000016641918000, 0x0000016641912000, 0x0000016641914000,
0x0000016641918800, 0x0000016641917000, 0x0000016641915800, 0x0000016641916800,
0x0000016643ae6800, 0x0000016643ae8000, 0x0000016643aed000, 0x0000016643aeb000,
0x0000016643ae7000, 0x0000016643aec000, 0x0000016643aed800, 0x0000016643aee800,
0x0000016643ae8800, 0x0000016643af0000, 0x0000016643aef800, 0x0000016643af4000,
0x0000016643af2800, 0x0000016643af3800, 0x0000016643af5000, 0x0000016643af1000,
0x0000016643af1800, 0x000001663fdc7000, 0x000001663fdc8800, 0x000001663fdc9800,
0x000001663fdc8000, 0x000001663fdce800, 0x000001663fdcf000, 0x000001663fdcc000,
0x000001663fdcb000, 0x000001663fdcd000, 0x000001663fdca800, 0x000001663fdcd800,
0x000001663fdd5000, 0x000001663fdd0000, 0x000001663fdd4000, 0x000001663fdd5800,
0x000001663fdd1000, 0x000001663fdd1800, 0x000001663fdd2800, 0x000001663fdd3800,
0x0000016640761000, 0x0000016640761800, 0x000001664075d800, 0x0000016640762800,
0x0000016640763800, 0x0000016640764000, 0x000001664075e800, 0x0000016640760000,
0x0000016640765000, 0x000001664075f800, 0x0000016640766800, 0x000001664076b800,
0x0000016640767800, 0x0000016640768800, 0x000001664076a800, 0x0000016640766000,
0x000001664076c800, 0x0000016640769000, 0x000001664076a000, 0x000001664229d000,
0x000001664229a000, 0x0000016642299000, 0x000001664229e000, 0x000001664229c800,
0x000001664229a800, 0x000001664229b800, 0x0000016642298800, 0x00000166422a2000,
0x00000166422a3800, 0x00000166422a0800, 0x00000166422a4800, 0x00000166422a3000,
0x000001664229f000, 0x00000166422a5800, 0x000001664229f800, 0x00000166422a6000,
0x00000166422a7000, 0x00000166422a1800, 0x0000016642004800, 0x0000016642007000,
0x0000016642003000, 0x0000016642006800, 0x0000016642008000, 0x0000016642008800,
0x0000016642009800, 0x0000016642004000, 0x000001664200b000, 0x0000016642005800,
0x000001664200e800, 0x000001664200f800, 0x0000016642010000, 0x000001664200a800,
0x0000016642011000, 0x0000016642011800, 0x000001664200c000, 0x000001664200d000,
0x000001664200d800, 0x0000016642549800, 0x0000016642544800, 0x0000016642544000,
0x0000016642545800, 0x000001664254a800, 0x000001664254c000, 0x0000016642548000,
0x0000016642547000, 0x0000016642546800, 0x000001664254e800, 0x000001664254b000,
0x0000016642548800, 0x000001664254f000, 0x0000016642550000, 0x0000016642551000,
0x0000016642551800, 0x000001664254d000, 0x0000016641b8d000, 0x0000016641b8c000
}

Java Threads: ( => current thread )
  0x0000016624e0a800 JavaThread "main" [_thread_blocked, id=1568, stack(0x00000032a6800000,0x00000032a6900000)]
  0x000001663f18c000 JavaThread "Reference Handler" daemon [_thread_blocked, id=11340, stack(0x00000032a6f00000,0x00000032a7000000)]
  0x000001663f18d800 JavaThread "Finalizer" daemon [_thread_blocked, id=7060, stack(0x00000032a7000000,0x00000032a7100000)]
  0x000001663f1a5000 JavaThread "Signal Dispatcher" daemon [_thread_blocked, id=8376, stack(0x00000032a7100000,0x00000032a7200000)]
  0x000001663f1a7000 JavaThread "Attach Listener" daemon [_thread_blocked, id=4448, stack(0x00000032a7200000,0x00000032a7300000)]
  0x000001663f1a8800 JavaThread "Service Thread" daemon [_thread_blocked, id=9680, stack(0x00000032a7300000,0x00000032a7400000)]
  0x000001663f1ae800 JavaThread "C2 CompilerThread0" daemon [_thread_blocked, id=9316, stack(0x00000032a7400000,0x00000032a7500000)]
  0x000001663f1d9800 JavaThread "C1 CompilerThread0" daemon [_thread_blocked, id=5012, stack(0x00000032a7500000,0x00000032a7600000)]
  0x000001663fb6c000 JavaThread "Sweeper thread" daemon [_thread_blocked, id=12244, stack(0x00000032a7600000,0x00000032a7700000)]
  0x000001663fc61000 JavaThread "Common-Cleaner" daemon [_thread_blocked, id=11240, stack(0x00000032a7700000,0x00000032a7800000)]
  0x000001664055a000 JavaThread "Daemon health stats" [_thread_blocked, id=2900, stack(0x00000032a7c00000,0x00000032a7d00000)]
  0x0000016641320800 JavaThread "Incoming local TCP Connector on port 50414" [_thread_in_native, id=11928, stack(0x00000032a7e00000,0x00000032a7f00000)]
  0x0000016641a0d800 JavaThread "Daemon periodic checks" [_thread_blocked, id=2548, stack(0x00000032a7f00000,0x00000032a8000000)]
  0x0000016640b04800 JavaThread "Daemon" [_thread_blocked, id=9716, stack(0x00000032a8000000,0x00000032a8100000)]
  0x000001664142b800 JavaThread "Handler for socket connection from /127.0.0.1:50414 to /127.0.0.1:50415" [_thread_in_native, id=10512, stack(0x00000032a8100000,0x00000032a8200000)]
  0x0000016640ecb000 JavaThread "Cancel handler" [_thread_blocked, id=10928, stack(0x00000032a8300000,0x00000032a8400000)]
  0x00000166414f4000 JavaThread "Daemon worker" [_thread_blocked, id=11624, stack(0x00000032a8400000,0x00000032a8500000)]
  0x0000016641b66800 JavaThread "Asynchronous log dispatcher for DefaultDaemonConnection: socket connection from /127.0.0.1:50414 to /127.0.0.1:50415" [_thread_blocked, id=8912, stack(0x00000032a8500000,0x00000032a8600000)]
  0x00000166419be000 JavaThread "Stdin handler" [_thread_blocked, id=7976, stack(0x00000032a8600000,0x00000032a8700000)]
  0x0000016641913000 JavaThread "Thread-8" [_thread_blocked, id=1376, stack(0x00000032a8700000,0x00000032a8800000)]
  0x0000016641914800 JavaThread "Cache worker for journal cache (C:\Users\HungNguyen\.gradle\caches\journal-1)" [_thread_blocked, id=3764, stack(0x00000032a8800000,0x00000032a8900000)]
  0x0000016641918000 JavaThread "File lock request listener" [_thread_in_native, id=6260, stack(0x00000032a8900000,0x00000032a8a00000)]
  0x0000016641912000 JavaThread "Cache worker for file hash cache (C:\Users\HungNguyen\.gradle\caches\6.5\fileHashes)" [_thread_blocked, id=3776, stack(0x00000032a8a00000,0x00000032a8b00000)]
  0x0000016641914000 JavaThread "Cache worker for file hash cache (D:\Projects\Lab411\VirtualAssistentUAVs\.gradle\6.5\fileHashes)" [_thread_blocked, id=4332, stack(0x00000032a8b00000,0x00000032a8c00000)]
  0x0000016641918800 JavaThread "Cache worker for checksums cache (D:\Projects\Lab411\VirtualAssistentUAVs\.gradle\checksums)" [_thread_blocked, id=10248, stack(0x00000032a8c00000,0x00000032a8d00000)]
  0x0000016641917000 JavaThread "Cache worker for cache directory md-supplier (C:\Users\HungNguyen\.gradle\caches\6.5\md-supplier)" [_thread_blocked, id=9544, stack(0x00000032a8d00000,0x00000032a8e00000)]
  0x0000016641915800 JavaThread "Cache worker for cache directory md-rule (C:\Users\HungNguyen\.gradle\caches\6.5\md-rule)" [_thread_blocked, id=11412, stack(0x00000032a8e00000,0x00000032a8f00000)]
  0x0000016641916800 JavaThread "Cache worker for execution history cache (C:\Users\HungNguyen\.gradle\caches\6.5\executionHistory)" [_thread_blocked, id=400, stack(0x00000032a8f00000,0x00000032a9000000)]
  0x0000016643ae6800 JavaThread "jar transforms" [_thread_blocked, id=6080, stack(0x00000032a9000000,0x00000032a9100000)]
  0x0000016643ae8000 JavaThread "Cache worker for file content cache (C:\Users\HungNguyen\.gradle\caches\6.5\fileContent)" [_thread_blocked, id=10792, stack(0x00000032a9100000,0x00000032a9200000)]
  0x0000016643aed000 JavaThread "Build operations" [_thread_blocked, id=8444, stack(0x00000032a9200000,0x00000032a9300000)]
  0x0000016643aeb000 JavaThread "Build operations Thread 2" [_thread_blocked, id=5800, stack(0x00000032a9300000,0x00000032a9400000)]
  0x0000016643ae7000 JavaThread "Build operations Thread 3" [_thread_blocked, id=7664, stack(0x00000032a9400000,0x00000032a9500000)]
  0x0000016643aec000 JavaThread "Build operations Thread 4" [_thread_blocked, id=4992, stack(0x00000032a9500000,0x00000032a9600000)]
  0x0000016643aed800 JavaThread "jar transforms Thread 2" [_thread_blocked, id=9376, stack(0x00000032a9600000,0x00000032a9700000)]
  0x0000016643aee800 JavaThread "jar transforms Thread 3" [_thread_blocked, id=5776, stack(0x00000032a9700000,0x00000032a9800000)]
  0x0000016643ae8800 JavaThread "jar transforms Thread 4" [_thread_blocked, id=11792, stack(0x00000032a9800000,0x00000032a9900000)]
  0x0000016643af0000 JavaThread "jar transforms Thread 5" [_thread_blocked, id=9596, stack(0x00000032a9900000,0x00000032a9a00000)]
  0x0000016643aef800 JavaThread "jar transforms Thread 6" [_thread_blocked, id=12252, stack(0x00000032a9a00000,0x00000032a9b00000)]
  0x0000016643af4000 JavaThread "jar transforms Thread 7" [_thread_blocked, id=8820, stack(0x00000032a9b00000,0x00000032a9c00000)]
  0x0000016643af2800 JavaThread "jar transforms Thread 8" [_thread_blocked, id=10220, stack(0x00000032a9c00000,0x00000032a9d00000)]
  0x0000016643af3800 JavaThread "jar transforms Thread 9" [_thread_blocked, id=12096, stack(0x00000032a9d00000,0x00000032a9e00000)]
  0x0000016643af5000 JavaThread "jar transforms Thread 10" [_thread_blocked, id=1252, stack(0x00000032a9e00000,0x00000032a9f00000)]
  0x0000016643af1000 JavaThread "jar transforms Thread 11" [_thread_blocked, id=10056, stack(0x00000032a9f00000,0x00000032aa000000)]
  0x0000016643af1800 JavaThread "jar transforms Thread 12" [_thread_blocked, id=8108, stack(0x00000032aa000000,0x00000032aa100000)]
  0x000001663fdc7000 JavaThread "jar transforms Thread 13" [_thread_blocked, id=1280, stack(0x00000032aa100000,0x00000032aa200000)]
  0x000001663fdc8800 JavaThread "jar transforms Thread 14" [_thread_blocked, id=4800, stack(0x00000032aa200000,0x00000032aa300000)]
  0x000001663fdc9800 JavaThread "jar transforms Thread 15" [_thread_blocked, id=4372, stack(0x00000032aa300000,0x00000032aa400000)]
  0x000001663fdc8000 JavaThread "jar transforms Thread 16" [_thread_blocked, id=2364, stack(0x00000032aa400000,0x00000032aa500000)]
  0x000001663fdce800 JavaThread "jar transforms Thread 17" [_thread_blocked, id=10168, stack(0x00000032aa500000,0x00000032aa600000)]
  0x000001663fdcf000 JavaThread "jar transforms Thread 18" [_thread_blocked, id=10964, stack(0x00000032aa600000,0x00000032aa700000)]
  0x000001663fdcc000 JavaThread "jar transforms Thread 19" [_thread_blocked, id=10380, stack(0x00000032aa700000,0x00000032aa800000)]
  0x000001663fdcb000 JavaThread "jar transforms Thread 20" [_thread_blocked, id=4384, stack(0x00000032aa800000,0x00000032aa900000)]
  0x000001663fdcd000 JavaThread "jar transforms Thread 21" [_thread_blocked, id=6300, stack(0x00000032aa900000,0x00000032aaa00000)]
  0x000001663fdca800 JavaThread "jar transforms Thread 22" [_thread_blocked, id=10680, stack(0x00000032aaa00000,0x00000032aab00000)]
  0x000001663fdcd800 JavaThread "jar transforms Thread 23" [_thread_blocked, id=3164, stack(0x00000032aab00000,0x00000032aac00000)]
  0x000001663fdd5000 JavaThread "jar transforms Thread 24" [_thread_blocked, id=3116, stack(0x00000032aac00000,0x00000032aad00000)]
  0x000001663fdd0000 JavaThread "jar transforms Thread 25" [_thread_blocked, id=8456, stack(0x00000032aad00000,0x00000032aae00000)]
  0x000001663fdd4000 JavaThread "jar transforms Thread 26" [_thread_blocked, id=5084, stack(0x00000032aae00000,0x00000032aaf00000)]
  0x000001663fdd5800 JavaThread "jar transforms Thread 27" [_thread_blocked, id=6908, stack(0x00000032aaf00000,0x00000032ab000000)]
  0x000001663fdd1000 JavaThread "jar transforms Thread 28" [_thread_blocked, id=1776, stack(0x00000032ab000000,0x00000032ab100000)]
  0x000001663fdd1800 JavaThread "jar transforms Thread 29" [_thread_blocked, id=4872, stack(0x00000032ab100000,0x00000032ab200000)]
  0x000001663fdd2800 JavaThread "jar transforms Thread 30" [_thread_blocked, id=9072, stack(0x00000032ab200000,0x00000032ab300000)]
  0x000001663fdd3800 JavaThread "jar transforms Thread 31" [_thread_blocked, id=11112, stack(0x00000032ab300000,0x00000032ab400000)]
  0x0000016640761000 JavaThread "jar transforms Thread 32" [_thread_blocked, id=3232, stack(0x00000032ab400000,0x00000032ab500000)]
  0x0000016640761800 JavaThread "jar transforms Thread 33" [_thread_blocked, id=2928, stack(0x00000032ab500000,0x00000032ab600000)]
  0x000001664075d800 JavaThread "jar transforms Thread 34" [_thread_blocked, id=1528, stack(0x00000032ab600000,0x00000032ab700000)]
  0x0000016640762800 JavaThread "jar transforms Thread 35" [_thread_blocked, id=9156, stack(0x00000032ab700000,0x00000032ab800000)]
  0x0000016640763800 JavaThread "jar transforms Thread 36" [_thread_blocked, id=496, stack(0x00000032ab800000,0x00000032ab900000)]
  0x0000016640764000 JavaThread "jar transforms Thread 37" [_thread_blocked, id=11484, stack(0x00000032ab900000,0x00000032aba00000)]
  0x000001664075e800 JavaThread "jar transforms Thread 38" [_thread_blocked, id=6356, stack(0x00000032aba00000,0x00000032abb00000)]
  0x0000016640760000 JavaThread "jar transforms Thread 39" [_thread_blocked, id=11244, stack(0x00000032abb00000,0x00000032abc00000)]
  0x0000016640765000 JavaThread "jar transforms Thread 40" [_thread_blocked, id=8320, stack(0x00000032abc00000,0x00000032abd00000)]
  0x000001664075f800 JavaThread "jar transforms Thread 41" [_thread_blocked, id=11996, stack(0x00000032abd00000,0x00000032abe00000)]
  0x0000016640766800 JavaThread "jar transforms Thread 42" [_thread_blocked, id=8072, stack(0x00000032abe00000,0x00000032abf00000)]
  0x000001664076b800 JavaThread "jar transforms Thread 43" [_thread_blocked, id=1824, stack(0x00000032abf00000,0x00000032ac000000)]
  0x0000016640767800 JavaThread "jar transforms Thread 44" [_thread_blocked, id=12032, stack(0x00000032ac000000,0x00000032ac100000)]
  0x0000016640768800 JavaThread "jar transforms Thread 45" [_thread_blocked, id=4180, stack(0x00000032ac100000,0x00000032ac200000)]
  0x000001664076a800 JavaThread "jar transforms Thread 46" [_thread_blocked, id=6956, stack(0x00000032ac200000,0x00000032ac300000)]
  0x0000016640766000 JavaThread "jar transforms Thread 47" [_thread_blocked, id=10936, stack(0x00000032ac300000,0x00000032ac400000)]
  0x000001664076c800 JavaThread "jar transforms Thread 48" [_thread_blocked, id=12132, stack(0x00000032ac400000,0x00000032ac500000)]
  0x0000016640769000 JavaThread "jar transforms Thread 49" [_thread_blocked, id=3328, stack(0x00000032ac500000,0x00000032ac600000)]
  0x000001664076a000 JavaThread "jar transforms Thread 50" [_thread_blocked, id=5936, stack(0x00000032ac600000,0x00000032ac700000)]
  0x000001664229d000 JavaThread "jar transforms Thread 51" [_thread_blocked, id=3248, stack(0x00000032ac700000,0x00000032ac800000)]
  0x000001664229a000 JavaThread "jar transforms Thread 52" [_thread_blocked, id=10048, stack(0x00000032ac800000,0x00000032ac900000)]
  0x0000016642299000 JavaThread "jar transforms Thread 53" [_thread_blocked, id=2652, stack(0x00000032ac900000,0x00000032aca00000)]
  0x000001664229e000 JavaThread "jar transforms Thread 54" [_thread_blocked, id=4336, stack(0x00000032aca00000,0x00000032acb00000)]
  0x000001664229c800 JavaThread "jar transforms Thread 55" [_thread_blocked, id=8600, stack(0x00000032acb00000,0x00000032acc00000)]
  0x000001664229a800 JavaThread "jar transforms Thread 56" [_thread_blocked, id=3120, stack(0x00000032acc00000,0x00000032acd00000)]
  0x000001664229b800 JavaThread "jar transforms Thread 57" [_thread_blocked, id=10324, stack(0x00000032acd00000,0x00000032ace00000)]
  0x0000016642298800 JavaThread "jar transforms Thread 58" [_thread_blocked, id=9948, stack(0x00000032ace00000,0x00000032acf00000)]
  0x00000166422a2000 JavaThread "jar transforms Thread 59" [_thread_blocked, id=5252, stack(0x00000032acf00000,0x00000032ad000000)]
  0x00000166422a3800 JavaThread "jar transforms Thread 60" [_thread_blocked, id=6204, stack(0x00000032ad000000,0x00000032ad100000)]
  0x00000166422a0800 JavaThread "jar transforms Thread 61" [_thread_blocked, id=3000, stack(0x00000032ad100000,0x00000032ad200000)]
  0x00000166422a4800 JavaThread "jar transforms Thread 62" [_thread_blocked, id=6504, stack(0x00000032ad200000,0x00000032ad300000)]
  0x00000166422a3000 JavaThread "jar transforms Thread 63" [_thread_blocked, id=10428, stack(0x00000032ad300000,0x00000032ad400000)]
  0x000001664229f000 JavaThread "jar transforms Thread 64" [_thread_blocked, id=12048, stack(0x00000032ad400000,0x00000032ad500000)]
  0x00000166422a5800 JavaThread "jar transforms Thread 65" [_thread_blocked, id=9556, stack(0x00000032ad500000,0x00000032ad600000)]
  0x000001664229f800 JavaThread "jar transforms Thread 66" [_thread_blocked, id=1828, stack(0x00000032ad600000,0x00000032ad700000)]
  0x00000166422a6000 JavaThread "jar transforms Thread 67" [_thread_blocked, id=5260, stack(0x00000032ad700000,0x00000032ad800000)]
  0x00000166422a7000 JavaThread "jar transforms Thread 68" [_thread_blocked, id=7704, stack(0x00000032ad800000,0x00000032ad900000)]
  0x00000166422a1800 JavaThread "jar transforms Thread 69" [_thread_blocked, id=1644, stack(0x00000032ad900000,0x00000032ada00000)]
  0x0000016642004800 JavaThread "jar transforms Thread 70" [_thread_blocked, id=10064, stack(0x00000032ada00000,0x00000032adb00000)]
  0x0000016642007000 JavaThread "jar transforms Thread 71" [_thread_blocked, id=10060, stack(0x00000032adb00000,0x00000032adc00000)]
  0x0000016642003000 JavaThread "jar transforms Thread 72" [_thread_blocked, id=4628, stack(0x00000032adc00000,0x00000032add00000)]
  0x0000016642006800 JavaThread "jar transforms Thread 73" [_thread_blocked, id=11492, stack(0x00000032add00000,0x00000032ade00000)]
  0x0000016642008000 JavaThread "jar transforms Thread 74" [_thread_blocked, id=1404, stack(0x00000032ade00000,0x00000032adf00000)]
  0x0000016642008800 JavaThread "jar transforms Thread 75" [_thread_blocked, id=6160, stack(0x00000032adf00000,0x00000032ae000000)]
  0x0000016642009800 JavaThread "jar transforms Thread 76" [_thread_blocked, id=5884, stack(0x00000032ae000000,0x00000032ae100000)]
  0x0000016642004000 JavaThread "jar transforms Thread 77" [_thread_blocked, id=6864, stack(0x00000032ae100000,0x00000032ae200000)]
  0x000001664200b000 JavaThread "jar transforms Thread 78" [_thread_blocked, id=7080, stack(0x00000032ae200000,0x00000032ae300000)]
  0x0000016642005800 JavaThread "jar transforms Thread 79" [_thread_blocked, id=7648, stack(0x00000032ae300000,0x00000032ae400000)]
  0x000001664200e800 JavaThread "jar transforms Thread 80" [_thread_blocked, id=10788, stack(0x00000032ae400000,0x00000032ae500000)]
  0x000001664200f800 JavaThread "jar transforms Thread 81" [_thread_blocked, id=10884, stack(0x00000032ae500000,0x00000032ae600000)]
  0x0000016642010000 JavaThread "jar transforms Thread 82" [_thread_blocked, id=2996, stack(0x00000032ae600000,0x00000032ae700000)]
  0x000001664200a800 JavaThread "jar transforms Thread 83" [_thread_blocked, id=3988, stack(0x00000032ae700000,0x00000032ae800000)]
  0x0000016642011000 JavaThread "jar transforms Thread 84" [_thread_blocked, id=6344, stack(0x00000032ae800000,0x00000032ae900000)]
  0x0000016642011800 JavaThread "jar transforms Thread 85" [_thread_blocked, id=3216, stack(0x00000032ae900000,0x00000032aea00000)]
  0x000001664200c000 JavaThread "jar transforms Thread 86" [_thread_blocked, id=12124, stack(0x00000032aea00000,0x00000032aeb00000)]
  0x000001664200d000 JavaThread "jar transforms Thread 87" [_thread_blocked, id=6676, stack(0x00000032aeb00000,0x00000032aec00000)]
  0x000001664200d800 JavaThread "jar transforms Thread 88" [_thread_blocked, id=1432, stack(0x00000032aec00000,0x00000032aed00000)]
  0x0000016642549800 JavaThread "jar transforms Thread 89" [_thread_blocked, id=11608, stack(0x00000032aed00000,0x00000032aee00000)]
  0x0000016642544800 JavaThread "jar transforms Thread 90" [_thread_blocked, id=4064, stack(0x00000032aee00000,0x00000032aef00000)]
  0x0000016642544000 JavaThread "jar transforms Thread 91" [_thread_blocked, id=2068, stack(0x00000032aef00000,0x00000032af000000)]
  0x0000016642545800 JavaThread "jar transforms Thread 92" [_thread_blocked, id=5832, stack(0x00000032af000000,0x00000032af100000)]
  0x000001664254a800 JavaThread "jar transforms Thread 93" [_thread_blocked, id=1672, stack(0x00000032af100000,0x00000032af200000)]
  0x000001664254c000 JavaThread "jar transforms Thread 94" [_thread_blocked, id=9268, stack(0x00000032af200000,0x00000032af300000)]
  0x0000016642548000 JavaThread "Cache worker for Build Output Cleanup Cache (D:\Projects\Lab411\VirtualAssistentUAVs\.gradle\buildOutputCleanup)" [_thread_blocked, id=9036, stack(0x00000032af300000,0x00000032af400000)]
  0x0000016642547000 JavaThread "Memory manager" [_thread_blocked, id=9704, stack(0x00000032af400000,0x00000032af500000)]
  0x0000016642546800 JavaThread "Cache worker for file content cache (D:\Projects\Lab411\VirtualAssistentUAVs\.gradle\6.5\fileContent)" [_thread_blocked, id=4124, stack(0x00000032af500000,0x00000032af600000)]
  0x000001664254e800 JavaThread "Execution worker for ':'" [_thread_blocked, id=10888, stack(0x00000032af600000,0x00000032af700000)]
  0x000001664254b000 JavaThread "Execution worker for ':' Thread 2" [_thread_blocked, id=3132, stack(0x00000032af700000,0x00000032af800000)]
  0x0000016642548800 JavaThread "Execution worker for ':' Thread 3" [_thread_blocked, id=8944, stack(0x00000032af800000,0x00000032af900000)]
  0x000001664254f000 JavaThread "Cache worker for execution history cache (D:\Projects\Lab411\VirtualAssistentUAVs\.gradle\6.5\executionHistory)" [_thread_blocked, id=9328, stack(0x00000032af900000,0x00000032afa00000)]
  0x0000016642550000 JavaThread "WorkerExecutor Queue Thread 2" [_thread_blocked, id=3348, stack(0x00000032afa00000,0x00000032afb00000)]
  0x0000016642551000 JavaThread "pool-2-thread-1" [_thread_blocked, id=11820, stack(0x00000032afb00000,0x00000032afc00000)]
  0x0000016642551800 JavaThread "stderr" [_thread_in_native, id=8932, stack(0x00000032afc00000,0x00000032afd00000)]
  0x000001664254d000 JavaThread "stdout" [_thread_in_native, id=8928, stack(0x00000032afd00000,0x00000032afe00000)]
  0x0000016641b8d000 JavaThread "Cache worker for Java compile cache (C:\Users\HungNguyen\.gradle\caches\6.5\javaCompile)" [_thread_blocked, id=8116, stack(0x00000032a6500000,0x00000032a6600000)]
  0x0000016641b8c000 JavaThread "Cache worker for Java compile cache (D:\Projects\Lab411\VirtualAssistentUAVs\.gradle\6.5\javaCompile)" [_thread_blocked, id=6524, stack(0x00000032afe00000,0x00000032aff00000)]

Other Threads:
=>0x000001663f187800 VMThread "VM Thread" [stack: 0x00000032a6e00000,0x00000032a6f00000] [id=12140]
  0x000001663fc8e000 WatcherThread [stack: 0x00000032a7800000,0x00000032a7900000] [id=9308]
  0x0000016624e23000 GCTaskThread "GC Thread#0" [stack: 0x00000032a6900000,0x00000032a6a00000] [id=4376]
  0x00000166402af800 GCTaskThread "GC Thread#1" [stack: 0x00000032a7900000,0x00000032a7a00000] [id=9144]
  0x000001663fe8d000 GCTaskThread "GC Thread#2" [stack: 0x00000032a7a00000,0x00000032a7b00000] [id=5796]
  0x00000166414ef800 GCTaskThread "GC Thread#3" [stack: 0x00000032a8200000,0x00000032a8300000] [id=7512]
  0x0000016624e55000 ConcurrentGCThread "G1 Main Marker" [stack: 0x00000032a6a00000,0x00000032a6b00000] [id=8436]
  0x0000016624e56800 ConcurrentGCThread "G1 Conc#0" [stack: 0x00000032a6b00000,0x00000032a6c00000] [id=9712]
  0x0000016624ee3800 ConcurrentGCThread "G1 Refine#0" [stack: 0x00000032a6c00000,0x00000032a6d00000] [id=9548]
  0x0000016624ee4800 ConcurrentGCThread "G1 Young RemSet Sampling" [stack: 0x00000032a6d00000,0x00000032a6e00000] [id=1860]

Threads with active compile tasks:
C2 CompilerThread0  52505 11406       4       com.sun.tools.javac.comp.Check::checkType (168 bytes)

VM state:at safepoint (normal execution)

VM Mutex/Monitor currently owned by a thread:  ([mutex/lock_event])
[0x0000016624e06b40] Threads_lock - owner thread: 0x000001663f187800
[0x0000016624e06510] Heap_lock - owner thread: 0x000001664254e800

Heap address: 0x0000000080000000, size: 2048 MB, Compressed Oops mode: 32-bit
Narrow klass base: 0x0000000000000000, Narrow klass shift: 3
Compressed class space size: 1073741824 Address: 0x0000000100000000

Heap:
 garbage-first heap   total 226304K, used 114882K [0x0000000080000000, 0x0000000100000000)
  region size 1024K, 1 young (1024K), 1 survivors (1024K)
 Metaspace       used 88697K, capacity 90876K, committed 91116K, reserved 1128448K
  class space    used 11301K, capacity 12118K, committed 12184K, reserved 1048576K
Heap Regions: E=young(eden), S=young(survivor), O=old, HS=humongous(starts), HC=humongous(continues), CS=collection set, F=free, A=archive, TAMS=top-at-mark-start (previous, next)
|   0|0x0000000080000000, 0x0000000080100000, 0x0000000080100000|100%| O|  |TAMS 0x0000000080100000, 0x0000000080000000| Untracked 
|   1|0x0000000080100000, 0x0000000080200000, 0x0000000080200000|100%| O|  |TAMS 0x0000000080200000, 0x0000000080100000| Untracked 
|   2|0x0000000080200000, 0x0000000080300000, 0x0000000080300000|100%| O|  |TAMS 0x0000000080300000, 0x0000000080200000| Untracked 
|   3|0x0000000080300000, 0x0000000080400000, 0x0000000080400000|100%|HS|  |TAMS 0x0000000080400000, 0x0000000080300000| Complete 
|   4|0x0000000080400000, 0x0000000080500000, 0x0000000080500000|100%|HC|  |TAMS 0x0000000080500000, 0x0000000080400000| Complete 
|   5|0x0000000080500000, 0x0000000080600000, 0x0000000080600000|100%|HC|  |TAMS 0x0000000080600000, 0x0000000080500000| Complete 
|   6|0x0000000080600000, 0x0000000080700000, 0x0000000080700000|100%| O|  |TAMS 0x0000000080700000, 0x0000000080600000| Complete 
|   7|0x0000000080700000, 0x0000000080800000, 0x0000000080800000|100%| O|  |TAMS 0x0000000080800000, 0x0000000080700000| Untracked 
|   8|0x0000000080800000, 0x0000000080900000, 0x0000000080900000|100%| O|  |TAMS 0x0000000080900000, 0x0000000080800000| Untracked 
|   9|0x0000000080900000, 0x0000000080a00000, 0x0000000080a00000|100%| O|  |TAMS 0x0000000080a00000, 0x0000000080900000| Untracked 
|  10|0x0000000080a00000, 0x0000000080b00000, 0x0000000080b00000|100%| O|  |TAMS 0x0000000080b00000, 0x0000000080a00000| Untracked 
|  11|0x0000000080b00000, 0x0000000080c00000, 0x0000000080c00000|100%| O|  |TAMS 0x0000000080c00000, 0x0000000080b00000| Untracked 
|  12|0x0000000080c00000, 0x0000000080d00000, 0x0000000080d00000|100%| O|  |TAMS 0x0000000080d00000, 0x0000000080c00000| Untracked 
|  13|0x0000000080d00000, 0x0000000080e00000, 0x0000000080e00000|100%| O|  |TAMS 0x0000000080e00000, 0x0000000080d00000| Untracked 
|  14|0x0000000080e00000, 0x0000000080f00000, 0x0000000080f00000|100%| O|  |TAMS 0x0000000080f00000, 0x0000000080e00000| Untracked 
|  15|0x0000000080f00000, 0x0000000081000000, 0x0000000081000000|100%| O|  |TAMS 0x0000000081000000, 0x0000000080f00000| Untracked 
|  16|0x0000000081000000, 0x0000000081100000, 0x0000000081100000|100%| O|  |TAMS 0x0000000081100000, 0x0000000081000000| Untracked 
|  17|0x0000000081100000, 0x0000000081200000, 0x0000000081200000|100%| O|  |TAMS 0x0000000081200000, 0x0000000081100000| Untracked 
|  18|0x0000000081200000, 0x0000000081300000, 0x0000000081300000|100%|HS|  |TAMS 0x0000000081300000, 0x0000000081200000| Complete 
|  19|0x0000000081300000, 0x0000000081400000, 0x0000000081400000|100%| O|  |TAMS 0x0000000081400000, 0x0000000081300000| Untracked 
|  20|0x0000000081400000, 0x0000000081500000, 0x0000000081500000|100%| O|  |TAMS 0x0000000081500000, 0x0000000081400000| Untracked 
|  21|0x0000000081500000, 0x0000000081600000, 0x0000000081600000|100%| O|  |TAMS 0x0000000081600000, 0x0000000081500000| Untracked 
|  22|0x0000000081600000, 0x0000000081700000, 0x0000000081700000|100%|HS|  |TAMS 0x0000000081700000, 0x0000000081600000| Complete 
|  23|0x0000000081700000, 0x0000000081800000, 0x0000000081800000|100%|HC|  |TAMS 0x0000000081800000, 0x0000000081700000| Complete 
|  24|0x0000000081800000, 0x0000000081900000, 0x0000000081900000|100%| O|  |TAMS 0x0000000081900000, 0x0000000081800000| Untracked 
|  25|0x0000000081900000, 0x0000000081a00000, 0x0000000081a00000|100%| O|  |TAMS 0x0000000081a00000, 0x0000000081900000| Untracked 
|  26|0x0000000081a00000, 0x0000000081b00000, 0x0000000081b00000|100%| O|  |TAMS 0x0000000081b00000, 0x0000000081a00000| Untracked 
|  27|0x0000000081b00000, 0x0000000081c00000, 0x0000000081c00000|100%| O|  |TAMS 0x0000000081c00000, 0x0000000081b00000| Untracked 
|  28|0x0000000081c00000, 0x0000000081d00000, 0x0000000081d00000|100%| O|  |TAMS 0x0000000081d00000, 0x0000000081c00000| Complete 
|  29|0x0000000081d00000, 0x0000000081e00000, 0x0000000081e00000|100%| O|  |TAMS 0x0000000081e00000, 0x0000000081d00000| Untracked 
|  30|0x0000000081e00000, 0x0000000081f00000, 0x0000000081f00000|100%| O|  |TAMS 0x0000000081f00000, 0x0000000081e00000| Untracked 
|  31|0x0000000081f00000, 0x0000000082000000, 0x0000000082000000|100%| O|  |TAMS 0x0000000082000000, 0x0000000081f00000| Untracked 
|  32|0x0000000082000000, 0x0000000082100000, 0x0000000082100000|100%| O|  |TAMS 0x0000000082100000, 0x0000000082000000| Untracked 
|  33|0x0000000082100000, 0x0000000082200000, 0x0000000082200000|100%| O|  |TAMS 0x0000000082200000, 0x0000000082100000| Untracked 
|  34|0x0000000082200000, 0x0000000082300000, 0x0000000082300000|100%| O|  |TAMS 0x0000000082300000, 0x0000000082200000| Untracked 
|  35|0x0000000082300000, 0x0000000082400000, 0x0000000082400000|100%| O|  |TAMS 0x0000000082400000, 0x0000000082300000| Complete 
|  36|0x0000000082400000, 0x0000000082500000, 0x0000000082500000|100%| O|  |TAMS 0x0000000082500000, 0x0000000082400000| Complete 
|  37|0x0000000082500000, 0x0000000082600000, 0x0000000082600000|100%| O|  |TAMS 0x0000000082600000, 0x0000000082500000| Untracked 
|  38|0x0000000082600000, 0x0000000082700000, 0x0000000082700000|100%| O|  |TAMS 0x0000000082700000, 0x0000000082600000| Untracked 
|  39|0x0000000082700000, 0x0000000082800000, 0x0000000082800000|100%| O|  |TAMS 0x0000000082800000, 0x0000000082700000| Untracked 
|  40|0x0000000082800000, 0x0000000082900000, 0x0000000082900000|100%| O|  |TAMS 0x0000000082900000, 0x0000000082800000| Untracked 
|  41|0x0000000082900000, 0x0000000082a00000, 0x0000000082a00000|100%| O|  |TAMS 0x0000000082a00000, 0x0000000082900000| Complete 
|  42|0x0000000082a00000, 0x0000000082b00000, 0x0000000082b00000|100%| O|  |TAMS 0x0000000082b00000, 0x0000000082a00000| Complete 
|  43|0x0000000082b00000, 0x0000000082c00000, 0x0000000082c00000|100%| O|  |TAMS 0x0000000082c00000, 0x0000000082b00000| Untracked 
|  44|0x0000000082c00000, 0x0000000082d00000, 0x0000000082d00000|100%| O|  |TAMS 0x0000000082d00000, 0x0000000082c00000| Untracked 
|  45|0x0000000082d00000, 0x0000000082e00000, 0x0000000082e00000|100%| O|  |TAMS 0x0000000082e00000, 0x0000000082d00000| Untracked 
|  46|0x0000000082e00000, 0x0000000082f00000, 0x0000000082f00000|100%| O|  |TAMS 0x0000000082f00000, 0x0000000082e00000| Untracked 
|  47|0x0000000082f00000, 0x0000000083000000, 0x0000000083000000|100%| O|  |TAMS 0x0000000083000000, 0x0000000082f00000| Untracked 
|  48|0x0000000083000000, 0x0000000083100000, 0x0000000083100000|100%| O|  |TAMS 0x0000000083100000, 0x0000000083000000| Untracked 
|  49|0x0000000083100000, 0x0000000083200000, 0x0000000083200000|100%| O|  |TAMS 0x0000000083200000, 0x0000000083100000| Untracked 
|  50|0x0000000083200000, 0x0000000083300000, 0x0000000083300000|100%| O|  |TAMS 0x0000000083300000, 0x0000000083200000| Untracked 
|  51|0x0000000083300000, 0x0000000083400000, 0x0000000083400000|100%| O|  |TAMS 0x0000000083400000, 0x0000000083300000| Untracked 
|  52|0x0000000083400000, 0x0000000083500000, 0x0000000083500000|100%| O|  |TAMS 0x0000000083500000, 0x0000000083400000| Untracked 
|  53|0x0000000083500000, 0x0000000083600000, 0x0000000083600000|100%| O|  |TAMS 0x0000000083600000, 0x0000000083500000| Complete 
|  54|0x0000000083600000, 0x0000000083700000, 0x0000000083700000|100%| O|  |TAMS 0x0000000083700000, 0x0000000083600000| Untracked 
|  55|0x0000000083700000, 0x0000000083800000, 0x0000000083800000|100%| O|  |TAMS 0x0000000083800000, 0x0000000083700000| Complete 
|  56|0x0000000083800000, 0x0000000083900000, 0x0000000083900000|100%| O|  |TAMS 0x0000000083900000, 0x0000000083800000| Untracked 
|  57|0x0000000083900000, 0x0000000083a00000, 0x0000000083a00000|100%| O|  |TAMS 0x0000000083a00000, 0x0000000083900000| Untracked 
|  58|0x0000000083a00000, 0x0000000083b00000, 0x0000000083b00000|100%| O|  |TAMS 0x0000000083b00000, 0x0000000083a00000| Complete 
|  59|0x0000000083b00000, 0x0000000083c00000, 0x0000000083c00000|100%| O|  |TAMS 0x0000000083c00000, 0x0000000083b00000| Complete 
|  60|0x0000000083c00000, 0x0000000083d00000, 0x0000000083d00000|100%| O|  |TAMS 0x0000000083d00000, 0x0000000083c00000| Untracked 
|  61|0x0000000083d00000, 0x0000000083e00000, 0x0000000083e00000|100%| O|  |TAMS 0x0000000083d00000, 0x0000000083d00000| Untracked 
|  62|0x0000000083e00000, 0x0000000083f00000, 0x0000000083f00000|100%| O|  |TAMS 0x0000000083f00000, 0x0000000083e00000| Complete 
|  63|0x0000000083f00000, 0x0000000084000000, 0x0000000084000000|100%| O|  |TAMS 0x0000000084000000, 0x0000000083f00000| Complete 
|  64|0x0000000084000000, 0x0000000084100000, 0x0000000084100000|100%| O|  |TAMS 0x0000000084100000, 0x0000000084000000| Complete 
|  65|0x0000000084100000, 0x0000000084200000, 0x0000000084200000|100%| O|  |TAMS 0x0000000084200000, 0x0000000084100000| Complete 
|  66|0x0000000084200000, 0x0000000084200000, 0x0000000084300000|  0%| F|  |TAMS 0x0000000084200000, 0x0000000084200000| Untracked 
|  67|0x0000000084300000, 0x0000000084400000, 0x0000000084400000|100%| O|  |TAMS 0x0000000084400000, 0x0000000084300000| Complete 
|  68|0x0000000084400000, 0x0000000084500000, 0x0000000084500000|100%| O|  |TAMS 0x0000000084500000, 0x0000000084400000| Untracked 
|  69|0x0000000084500000, 0x0000000084600000, 0x0000000084600000|100%| O|  |TAMS 0x0000000084600000, 0x0000000084500000| Untracked 
|  70|0x0000000084600000, 0x0000000084700000, 0x0000000084700000|100%| O|  |TAMS 0x0000000084700000, 0x0000000084600000| Untracked 
|  71|0x0000000084700000, 0x0000000084800000, 0x0000000084800000|100%| O|  |TAMS 0x0000000084800000, 0x0000000084700000| Untracked 
|  72|0x0000000084800000, 0x0000000084900000, 0x0000000084900000|100%| O|  |TAMS 0x0000000084900000, 0x0000000084800000| Untracked 
|  73|0x0000000084900000, 0x0000000084a00000, 0x0000000084a00000|100%| O|  |TAMS 0x0000000084a00000, 0x0000000084900000| Untracked 
|  74|0x0000000084a00000, 0x0000000084b00000, 0x0000000084b00000|100%| O|  |TAMS 0x0000000084b00000, 0x0000000084a00000| Untracked 
|  75|0x0000000084b00000, 0x0000000084c00000, 0x0000000084c00000|100%| O|  |TAMS 0x0000000084c00000, 0x0000000084b00000| Untracked 
|  76|0x0000000084c00000, 0x0000000084d00000, 0x0000000084d00000|100%| O|  |TAMS 0x0000000084d00000, 0x0000000084c00000| Untracked 
|  77|0x0000000084d00000, 0x0000000084e00000, 0x0000000084e00000|100%| O|  |TAMS 0x0000000084e00000, 0x0000000084d00000| Complete 
|  78|0x0000000084e00000, 0x0000000084f00000, 0x0000000084f00000|100%| O|  |TAMS 0x0000000084f00000, 0x0000000084e00000| Untracked 
|  79|0x0000000084f00000, 0x0000000085000000, 0x0000000085000000|100%|HS|  |TAMS 0x0000000085000000, 0x0000000084f00000| Complete 
|  80|0x0000000085000000, 0x0000000085100000, 0x0000000085100000|100%| O|  |TAMS 0x0000000085100000, 0x0000000085000000| Untracked 
|  81|0x0000000085100000, 0x0000000085200000, 0x0000000085200000|100%| O|  |TAMS 0x0000000085200000, 0x0000000085100000| Untracked 
|  82|0x0000000085200000, 0x0000000085300000, 0x0000000085300000|100%| O|  |TAMS 0x0000000085300000, 0x0000000085200000| Untracked 
|  83|0x0000000085300000, 0x0000000085400000, 0x0000000085400000|100%|HS|  |TAMS 0x0000000085400000, 0x0000000085300000| Complete 
|  84|0x0000000085400000, 0x0000000085500000, 0x0000000085500000|100%|HC|  |TAMS 0x0000000085500000, 0x0000000085400000| Complete 
|  85|0x0000000085500000, 0x0000000085600000, 0x0000000085600000|100%| O|  |TAMS 0x0000000085600000, 0x0000000085500000| Untracked 
|  86|0x0000000085600000, 0x0000000085700000, 0x0000000085700000|100%| O|  |TAMS 0x0000000085700000, 0x0000000085600000| Untracked 
|  87|0x0000000085700000, 0x0000000085800000, 0x0000000085800000|100%| O|  |TAMS 0x0000000085800000, 0x0000000085700000| Complete 
|  88|0x0000000085800000, 0x0000000085900000, 0x0000000085900000|100%| O|  |TAMS 0x0000000085900000, 0x0000000085800000| Untracked 
|  89|0x0000000085900000, 0x0000000085a00000, 0x0000000085a00000|100%| O|  |TAMS 0x0000000085a00000, 0x0000000085900000| Untracked 
|  90|0x0000000085a00000, 0x0000000085b00000, 0x0000000085b00000|100%| O|  |TAMS 0x0000000085b00000, 0x0000000085a00000| Complete 
|  91|0x0000000085b00000, 0x0000000085c00000, 0x0000000085c00000|100%| O|  |TAMS 0x0000000085c00000, 0x0000000085b00000| Untracked 
|  92|0x0000000085c00000, 0x0000000085d00000, 0x0000000085d00000|100%| O|  |TAMS 0x0000000085d00000, 0x0000000085c00000| Untracked 
|  93|0x0000000085d00000, 0x0000000085e00000, 0x0000000085e00000|100%| O|  |TAMS 0x0000000085e00000, 0x0000000085d00000| Complete 
|  94|0x0000000085e00000, 0x0000000085f00000, 0x0000000085f00000|100%| O|  |TAMS 0x0000000085f00000, 0x0000000085e00000| Untracked 
|  95|0x0000000085f00000, 0x0000000086000000, 0x0000000086000000|100%| O|  |TAMS 0x0000000086000000, 0x0000000085f00000| Untracked 
|  96|0x0000000086000000, 0x0000000086100000, 0x0000000086100000|100%| O|  |TAMS 0x0000000086100000, 0x0000000086000000| Complete 
|  97|0x0000000086100000, 0x0000000086200000, 0x0000000086200000|100%| O|  |TAMS 0x0000000086200000, 0x0000000086100000| Untracked 
|  98|0x0000000086200000, 0x0000000086300000, 0x0000000086300000|100%| O|  |TAMS 0x0000000086300000, 0x0000000086200000| Untracked 
|  99|0x0000000086300000, 0x0000000086400000, 0x0000000086400000|100%| O|  |TAMS 0x0000000086400000, 0x0000000086300000| Complete 
| 100|0x0000000086400000, 0x0000000086500000, 0x0000000086500000|100%| O|  |TAMS 0x0000000086500000, 0x0000000086400000| Untracked 
| 101|0x0000000086500000, 0x0000000086600000, 0x0000000086600000|100%| O|  |TAMS 0x0000000086600000, 0x0000000086500000| Complete 
| 102|0x0000000086600000, 0x0000000086700000, 0x0000000086700000|100%| O|  |TAMS 0x0000000086700000, 0x0000000086600000| Untracked 
| 103|0x0000000086700000, 0x0000000086800000, 0x0000000086800000|100%| O|  |TAMS 0x0000000086800000, 0x0000000086700000| Untracked 
| 104|0x0000000086800000, 0x0000000086900000, 0x0000000086900000|100%| O|  |TAMS 0x0000000086900000, 0x0000000086800000| Complete 
| 105|0x0000000086900000, 0x0000000086a00000, 0x0000000086a00000|100%| O|  |TAMS 0x0000000086a00000, 0x0000000086900000| Complete 
| 106|0x0000000086a00000, 0x0000000086b00000, 0x0000000086b00000|100%| O|  |TAMS 0x0000000086b00000, 0x0000000086a00000| Complete 
| 107|0x0000000086b00000, 0x0000000086c00000, 0x0000000086c00000|100%| O|  |TAMS 0x0000000086b00000, 0x0000000086b00000| Untracked 
| 108|0x0000000086c00000, 0x0000000086d00000, 0x0000000086d00000|100%| O|  |TAMS 0x0000000086c00000, 0x0000000086c00000| Untracked 
| 109|0x0000000086d00000, 0x0000000086e00000, 0x0000000086e00000|100%| O|  |TAMS 0x0000000086d00000, 0x0000000086d00000| Untracked 
| 110|0x0000000086e00000, 0x0000000086f00000, 0x0000000086f00000|100%| O|  |TAMS 0x0000000086e00000, 0x0000000086e00000| Untracked 
| 111|0x0000000086f00000, 0x0000000087000000, 0x0000000087000000|100%| O|  |TAMS 0x0000000086f00000, 0x0000000086f00000| Untracked 
| 112|0x0000000087000000, 0x00000000870d9800, 0x0000000087100000| 84%| O|  |TAMS 0x0000000087000000, 0x0000000087000000| Untracked 
| 113|0x0000000087100000, 0x0000000087100000, 0x0000000087200000|  0%| F|  |TAMS 0x0000000087100000, 0x0000000087100000| Untracked 
| 114|0x0000000087200000, 0x0000000087200000, 0x0000000087300000|  0%| F|  |TAMS 0x0000000087200000, 0x0000000087200000| Untracked 
| 115|0x0000000087300000, 0x0000000087300000, 0x0000000087400000|  0%| F|  |TAMS 0x0000000087300000, 0x0000000087300000| Untracked 
| 116|0x0000000087400000, 0x0000000087400000, 0x0000000087500000|  0%| F|  |TAMS 0x0000000087400000, 0x0000000087400000| Untracked 
| 117|0x0000000087500000, 0x0000000087500000, 0x0000000087600000|  0%| F|  |TAMS 0x0000000087500000, 0x0000000087500000| Untracked 
| 118|0x0000000087600000, 0x0000000087600000, 0x0000000087700000|  0%| F|  |TAMS 0x0000000087600000, 0x0000000087600000| Untracked 
| 119|0x0000000087700000, 0x0000000087700000, 0x0000000087800000|  0%| F|  |TAMS 0x0000000087700000, 0x0000000087700000| Untracked 
| 120|0x0000000087800000, 0x0000000087800000, 0x0000000087900000|  0%| F|  |TAMS 0x0000000087800000, 0x0000000087800000| Untracked 
| 121|0x0000000087900000, 0x0000000087900000, 0x0000000087a00000|  0%| F|  |TAMS 0x0000000087900000, 0x0000000087900000| Untracked 
| 122|0x0000000087a00000, 0x0000000087a00000, 0x0000000087b00000|  0%| F|  |TAMS 0x0000000087a00000, 0x0000000087a00000| Untracked 
| 123|0x0000000087b00000, 0x0000000087b00000, 0x0000000087c00000|  0%| F|  |TAMS 0x0000000087b00000, 0x0000000087b00000| Untracked 
| 124|0x0000000087c00000, 0x0000000087c00000, 0x0000000087d00000|  0%| F|  |TAMS 0x0000000087c00000, 0x0000000087c00000| Untracked 
| 125|0x0000000087d00000, 0x0000000087d00000, 0x0000000087e00000|  0%| F|  |TAMS 0x0000000087d00000, 0x0000000087d00000| Untracked 
| 126|0x0000000087e00000, 0x0000000087e00000, 0x0000000087f00000|  0%| F|  |TAMS 0x0000000087e00000, 0x0000000087e00000| Untracked 
| 127|0x0000000087f00000, 0x0000000087f00000, 0x0000000088000000|  0%| F|  |TAMS 0x0000000087f00000, 0x0000000087f00000| Untracked 
| 128|0x0000000088000000, 0x0000000088000000, 0x0000000088100000|  0%| F|  |TAMS 0x0000000088000000, 0x0000000088000000| Untracked 
| 129|0x0000000088100000, 0x0000000088100000, 0x0000000088200000|  0%| F|  |TAMS 0x0000000088100000, 0x0000000088100000| Untracked 
| 130|0x0000000088200000, 0x0000000088200000, 0x0000000088300000|  0%| F|  |TAMS 0x0000000088200000, 0x0000000088200000| Untracked 
| 131|0x0000000088300000, 0x0000000088300000, 0x0000000088400000|  0%| F|  |TAMS 0x0000000088300000, 0x0000000088300000| Untracked 
| 132|0x0000000088400000, 0x0000000088400000, 0x0000000088500000|  0%| F|  |TAMS 0x0000000088400000, 0x0000000088400000| Untracked 
| 133|0x0000000088500000, 0x0000000088500000, 0x0000000088600000|  0%| F|  |TAMS 0x0000000088500000, 0x0000000088500000| Untracked 
| 134|0x0000000088600000, 0x0000000088600000, 0x0000000088700000|  0%| F|  |TAMS 0x0000000088600000, 0x0000000088600000| Untracked 
| 135|0x0000000088700000, 0x0000000088700000, 0x0000000088800000|  0%| F|  |TAMS 0x0000000088700000, 0x0000000088700000| Untracked 
| 136|0x0000000088800000, 0x0000000088800000, 0x0000000088900000|  0%| F|  |TAMS 0x0000000088800000, 0x0000000088800000| Untracked 
| 137|0x0000000088900000, 0x0000000088900000, 0x0000000088a00000|  0%| F|  |TAMS 0x0000000088900000, 0x0000000088900000| Untracked 
| 138|0x0000000088a00000, 0x0000000088a00000, 0x0000000088b00000|  0%| F|  |TAMS 0x0000000088a00000, 0x0000000088a00000| Untracked 
| 139|0x0000000088b00000, 0x0000000088b00000, 0x0000000088c00000|  0%| F|  |TAMS 0x0000000088b00000, 0x0000000088b00000| Untracked 
| 140|0x0000000088c00000, 0x0000000088c00000, 0x0000000088d00000|  0%| F|  |TAMS 0x0000000088c00000, 0x0000000088c00000| Untracked 
| 141|0x0000000088d00000, 0x0000000088d00000, 0x0000000088e00000|  0%| F|  |TAMS 0x0000000088d00000, 0x0000000088d00000| Untracked 
| 142|0x0000000088e00000, 0x0000000088e00000, 0x0000000088f00000|  0%| F|  |TAMS 0x0000000088e00000, 0x0000000088e00000| Untracked 
| 143|0x0000000088f00000, 0x0000000088f00000, 0x0000000089000000|  0%| F|  |TAMS 0x0000000088f00000, 0x0000000088f00000| Untracked 
| 144|0x0000000089000000, 0x0000000089000000, 0x0000000089100000|  0%| F|  |TAMS 0x0000000089000000, 0x0000000089000000| Untracked 
| 145|0x0000000089100000, 0x0000000089157330, 0x0000000089200000| 34%| S|CS|TAMS 0x0000000089100000, 0x0000000089100000| Complete 
| 146|0x0000000089200000, 0x0000000089200000, 0x0000000089300000|  0%| F|  |TAMS 0x0000000089200000, 0x0000000089200000| Untracked 
| 147|0x0000000089300000, 0x0000000089300000, 0x0000000089400000|  0%| F|  |TAMS 0x0000000089300000, 0x0000000089300000| Untracked 
| 148|0x0000000089400000, 0x0000000089400000, 0x0000000089500000|  0%| F|  |TAMS 0x0000000089400000, 0x0000000089400000| Untracked 
| 149|0x0000000089500000, 0x0000000089500000, 0x0000000089600000|  0%| F|  |TAMS 0x0000000089500000, 0x0000000089500000| Untracked 
| 150|0x0000000089600000, 0x0000000089600000, 0x0000000089700000|  0%| F|  |TAMS 0x0000000089600000, 0x0000000089600000| Untracked 
| 151|0x0000000089700000, 0x0000000089700000, 0x0000000089800000|  0%| F|  |TAMS 0x0000000089700000, 0x0000000089700000| Untracked 

Card table byte_map: [0x0000016638350000,0x0000016638750000] _byte_map_base: 0x0000016637f50000

Marking Bits (Prev, Next): (CMBitMap*) 0x0000016624e4c378, (CMBitMap*) 0x0000016624e4c3b0
 Prev Bits: [0x0000016638b50000, 0x000001663ab50000)
 Next Bits: [0x000001663ab50000, 0x000001663cb50000)

Polling page: 0x00000166237b0000

Metaspace:

Usage:
  Non-class:     76.91 MB capacity,    75.58 MB ( 98%) used,     1.11 MB (  1%) free+waste,   228.50 KB ( <1%) overhead. 
      Class:     11.83 MB capacity,    11.04 MB ( 93%) used,   713.76 KB (  6%) free+waste,   102.44 KB ( <1%) overhead. 
       Both:     88.75 MB capacity,    86.62 MB ( 98%) used,     1.80 MB (  2%) free+waste,   330.94 KB ( <1%) overhead. 

Virtual space:
  Non-class space:       78.00 MB reserved,      77.08 MB ( 99%) committed 
      Class space:        1.00 GB reserved,      11.90 MB (  1%) committed 
             Both:        1.08 GB reserved,      88.98 MB (  8%) committed 

Chunk freelists:
   Non-Class:  46.00 KB
       Class:  10.00 KB
        Both:  56.00 KB

MaxMetaspaceSize: 17179869184.00 GB
CompressedClassSpaceSize: 1.00 GB
Initial GC threshold: 20.80 MB
Current GC threshold: 148.30 MB
CDS: off

CodeHeap 'non-profiled nmethods': size=120064Kb used=5623Kb max_used=5623Kb free=114440Kb
 bounds [0x00000166303e0000, 0x0000016630960000, 0x0000016637920000]
CodeHeap 'profiled nmethods': size=120000Kb used=24092Kb max_used=24092Kb free=95907Kb
 bounds [0x0000016628eb0000, 0x000001662a640000, 0x00000166303e0000]
CodeHeap 'non-nmethods': size=5696Kb used=2362Kb max_used=2398Kb free=3333Kb
 bounds [0x0000016628920000, 0x0000016628b90000, 0x0000016628eb0000]
 total_blobs=12110 nmethods=11235 adapters=787
 compilation: enabled
              stopped_count=0, restarted_count=0
 full_count=0

Compilation events (20 events):
Event: 52.408 Thread 0x000001663f1d9800 11456       2       com.sun.tools.javac.tree.TreeScanner::visitIf (25 bytes)
Event: 52.408 Thread 0x000001663f1d9800 nmethod 11456 0x000001662a633990 code [0x000001662a633b60, 0x000001662a633ce8]
Event: 52.414 Thread 0x000001663f1d9800 11458       2       java.util.stream.FindOps::makeRef (14 bytes)
Event: 52.414 Thread 0x000001663f1d9800 nmethod 11458 0x000001662a633e10 code [0x000001662a633fc0, 0x000001662a6340b8]
Event: 52.414 Thread 0x000001663f1d9800 11459       2       com.sun.tools.javac.code.Scope$ImportScope::<init> (6 bytes)
Event: 52.415 Thread 0x000001663f1d9800 nmethod 11459 0x000001662a634190 code [0x000001662a634360, 0x000001662a634718]
Event: 52.415 Thread 0x000001663f1d9800 11462       2       com.sun.tools.javac.tree.JCTree$JCCompilationUnit::getPackage (42 bytes)
Event: 52.415 Thread 0x000001663f1d9800 nmethod 11462 0x000001662a634810 code [0x000001662a6349e0, 0x000001662a634c18]
Event: 52.415 Thread 0x000001663f1d9800 11460       2       com.sun.tools.javac.tree.JCTree$JCCompilationUnit::accept (6 bytes)
Event: 52.415 Thread 0x000001663f1d9800 nmethod 11460 0x000001662a634d90 code [0x000001662a634f40, 0x000001662a635068]
Event: 52.415 Thread 0x000001663f1d9800 11461       2       com.sun.tools.javac.tree.JCTree$JCPackageDecl::accept (6 bytes)
Event: 52.415 Thread 0x000001663f1d9800 nmethod 11461 0x000001662a635110 code [0x000001662a6352c0, 0x000001662a6353e8]
Event: 52.415 Thread 0x000001663f1d9800 11464       2       com.sun.tools.javac.util.Pair::hashCode (64 bytes)
Event: 52.416 Thread 0x000001663f1d9800 nmethod 11464 0x000001662a635490 code [0x000001662a635680, 0x000001662a635898]
Event: 52.416 Thread 0x000001663f1d9800 11465 %     3       com.sun.tools.javac.comp.Enter::classEnter @ 11 (61 bytes)
Event: 52.417 Thread 0x000001663f1d9800 nmethod 11465% 0x000001662a635990 code [0x000001662a635bc0, 0x000001662a636498]
Event: 52.429 Thread 0x000001663f1d9800 11466       2       com.sun.tools.javac.code.Types$14::visitClassType (10 bytes)
Event: 52.430 Thread 0x000001663f1d9800 nmethod 11466 0x000001662a636810 code [0x000001662a6369c0, 0x000001662a636b08]
Event: 52.430 Thread 0x000001663f1d9800 11467       2       com.sun.tools.javac.code.Types$14::visitClassType (54 bytes)
Event: 52.430 Thread 0x000001663f1d9800 nmethod 11467 0x000001662a636c10 code [0x000001662a636e00, 0x000001662a6370c8]

GC Heap History (20 events):
Event: 50.912 GC heap after
{Heap after GC invocations=35 (full 0):
 garbage-first heap   total 129024K, used 98390K [0x0000000080000000, 0x0000000100000000)
  region size 1024K, 1 young (1024K), 1 survivors (1024K)
 Metaspace       used 87777K, capacity 89895K, committed 89964K, reserved 1128448K
  class space    used 11232K, capacity 12014K, committed 12056K, reserved 1048576K
}
Event: 51.113 GC heap before
{Heap before GC invocations=35 (full 0):
 garbage-first heap   total 129024K, used 107606K [0x0000000080000000, 0x0000000100000000)
  region size 1024K, 10 young (10240K), 1 survivors (1024K)
 Metaspace       used 87822K, capacity 90024K, committed 90220K, reserved 1128448K
  class space    used 11233K, capacity 12014K, committed 12056K, reserved 1048576K
}
Event: 51.119 GC heap after
{Heap after GC invocations=36 (full 0):
 garbage-first heap   total 129024K, used 100352K [0x0000000080000000, 0x0000000100000000)
  region size 1024K, 2 young (2048K), 2 survivors (2048K)
 Metaspace       used 87822K, capacity 90024K, committed 90220K, reserved 1128448K
  class space    used 11233K, capacity 12014K, committed 12056K, reserved 1048576K
}
Event: 51.345 GC heap before
{Heap before GC invocations=36 (full 0):
 garbage-first heap   total 129024K, used 108544K [0x0000000080000000, 0x0000000100000000)
  region size 1024K, 10 young (10240K), 2 survivors (2048K)
 Metaspace       used 87957K, capacity 90193K, committed 90348K, reserved 1128448K
  class space    used 11237K, capacity 12047K, committed 12184K, reserved 1048576K
}
Event: 51.354 GC heap after
{Heap after GC invocations=37 (full 0):
 garbage-first heap   total 129024K, used 102265K [0x0000000080000000, 0x0000000100000000)
  region size 1024K, 2 young (2048K), 2 survivors (2048K)
 Metaspace       used 87957K, capacity 90193K, committed 90348K, reserved 1128448K
  class space    used 11237K, capacity 12047K, committed 12184K, reserved 1048576K
}
Event: 51.477 GC heap before
{Heap before GC invocations=37 (full 0):
 garbage-first heap   total 129024K, used 109433K [0x0000000080000000, 0x0000000100000000)
  region size 1024K, 9 young (9216K), 2 survivors (2048K)
 Metaspace       used 87974K, capacity 90196K, committed 90348K, reserved 1128448K
  class space    used 11237K, capacity 12047K, committed 12184K, reserved 1048576K
}
Event: 51.490 GC heap after
{Heap after GC invocations=38 (full 0):
 garbage-first heap   total 129024K, used 106496K [0x0000000080000000, 0x0000000100000000)
  region size 1024K, 2 young (2048K), 2 survivors (2048K)
 Metaspace       used 87974K, capacity 90196K, committed 90348K, reserved 1128448K
  class space    used 11237K, capacity 12047K, committed 12184K, reserved 1048576K
}
Event: 51.636 GC heap before
{Heap before GC invocations=39 (full 0):
 garbage-first heap   total 129024K, used 110592K [0x0000000080000000, 0x0000000100000000)
  region size 1024K, 6 young (6144K), 2 survivors (2048K)
 Metaspace       used 88100K, capacity 90336K, committed 90604K, reserved 1128448K
  class space    used 11248K, capacity 12049K, committed 12184K, reserved 1048576K
}
Event: 51.648 GC heap after
{Heap after GC invocations=40 (full 0):
 garbage-first heap   total 129024K, used 108715K [0x0000000080000000, 0x0000000100000000)
  region size 1024K, 1 young (1024K), 1 survivors (1024K)
 Metaspace       used 88100K, capacity 90336K, committed 90604K, reserved 1128448K
  class space    used 11248K, capacity 12049K, committed 12184K, reserved 1048576K
}
Event: 51.729 GC heap before
{Heap before GC invocations=40 (full 0):
 garbage-first heap   total 129024K, used 113835K [0x0000000080000000, 0x0000000100000000)
  region size 1024K, 6 young (6144K), 1 survivors (1024K)
 Metaspace       used 88113K, capacity 90336K, committed 90604K, reserved 1128448K
  class space    used 11248K, capacity 12049K, committed 12184K, reserved 1048576K
}
Event: 51.737 GC heap after
{Heap after GC invocations=41 (full 0):
 garbage-first heap   total 129024K, used 108858K [0x0000000080000000, 0x0000000100000000)
  region size 1024K, 1 young (1024K), 1 survivors (1024K)
 Metaspace       used 88113K, capacity 90336K, committed 90604K, reserved 1128448K
  class space    used 11248K, capacity 12049K, committed 12184K, reserved 1048576K
}
Event: 51.814 GC heap before
{Heap before GC invocations=41 (full 0):
 garbage-first heap   total 129024K, used 113978K [0x0000000080000000, 0x0000000100000000)
  region size 1024K, 6 young (6144K), 1 survivors (1024K)
 Metaspace       used 88249K, capacity 90477K, committed 90860K, reserved 1128448K
  class space    used 11254K, capacity 12052K, committed 12184K, reserved 1048576K
}
Event: 51.822 GC heap after
{Heap after GC invocations=42 (full 0):
 garbage-first heap   total 155648K, used 108851K [0x0000000080000000, 0x0000000100000000)
  region size 1024K, 1 young (1024K), 1 survivors (1024K)
 Metaspace       used 88249K, capacity 90477K, committed 90860K, reserved 1128448K
  class space    used 11254K, capacity 12052K, committed 12184K, reserved 1048576K
}
Event: 52.116 GC heap before
{Heap before GC invocations=42 (full 0):
 garbage-first heap   total 155648K, used 122163K [0x0000000080000000, 0x0000000100000000)
  region size 1024K, 14 young (14336K), 1 survivors (1024K)
 Metaspace       used 88654K, capacity 90812K, committed 91116K, reserved 1128448K
  class space    used 11301K, capacity 12118K, committed 12184K, reserved 1048576K
}
Event: 52.122 GC heap after
{Heap after GC invocations=43 (full 0):
 garbage-first heap   total 155648K, used 109416K [0x0000000080000000, 0x0000000100000000)
  region size 1024K, 1 young (1024K), 1 survivors (1024K)
 Metaspace       used 88654K, capacity 90812K, committed 91116K, reserved 1128448K
  class space    used 11301K, capacity 12118K, committed 12184K, reserved 1048576K
}
Event: 52.284 GC heap before
{Heap before GC invocations=43 (full 0):
 garbage-first heap   total 155648K, used 123752K [0x0000000080000000, 0x0000000100000000)
  region size 1024K, 15 young (15360K), 1 survivors (1024K)
 Metaspace       used 88677K, capacity 90812K, committed 91116K, reserved 1128448K
  class space    used 11301K, capacity 12118K, committed 12184K, reserved 1048576K
}
Event: 52.300 GC heap after
{Heap after GC invocations=44 (full 0):
 garbage-first heap   total 155648K, used 114650K [0x0000000080000000, 0x0000000100000000)
  region size 1024K, 2 young (2048K), 2 survivors (2048K)
 Metaspace       used 88677K, capacity 90812K, committed 91116K, reserved 1128448K
  class space    used 11301K, capacity 12118K, committed 12184K, reserved 1048576K
}
Event: 52.377 GC heap before
{Heap before GC invocations=45 (full 0):
 garbage-first heap   total 155648K, used 125914K [0x0000000080000000, 0x0000000100000000)
  region size 1024K, 13 young (13312K), 2 survivors (2048K)
 Metaspace       used 88682K, capacity 90812K, committed 91116K, reserved 1128448K
  class space    used 11301K, capacity 12118K, committed 12184K, reserved 1048576K
}
Event: 52.390 GC heap after
{Heap after GC invocations=46 (full 0):
 garbage-first heap   total 155648K, used 115140K [0x0000000080000000, 0x0000000100000000)
  region size 1024K, 1 young (1024K), 1 survivors (1024K)
 Metaspace       used 88682K, capacity 90812K, committed 91116K, reserved 1128448K
  class space    used 11301K, capacity 12118K, committed 12184K, reserved 1048576K
}
Event: 52.435 GC heap before
{Heap before GC invocations=46 (full 0):
 garbage-first heap   total 155648K, used 121284K [0x0000000080000000, 0x0000000100000000)
  region size 1024K, 7 young (7168K), 1 survivors (1024K)
 Metaspace       used 88697K, capacity 90876K, committed 91116K, reserved 1128448K
  class space    used 11301K, capacity 12118K, committed 12184K, reserved 1048576K
}

Deoptimization events (20 events):
Event: 50.803 Thread 0x000001664254e800 Uncommon trap: trap_request=0xfffffff4 fr.pc=0x00000166308f77e0 relative=0x0000000000000de0
Event: 50.803 Thread 0x000001664254e800 Uncommon trap: reason=null_check action=make_not_entrant pc=0x00000166308f77e0 method=com.sun.tools.javac.util.UnsharedNameTable.fromUtf([BII)Lcom/sun/tools/javac/util/Name; @ 50 c2
Event: 50.803 Thread 0x000001664254e800 DEOPT PACKING pc=0x00000166308f77e0 sp=0x00000032af6f7c80
Event: 50.803 Thread 0x000001664254e800 DEOPT UNPACKING pc=0x000001662896a1af sp=0x00000032af6f7c28 mode 2
Event: 51.052 Thread 0x000001664254e800 DEOPT PACKING pc=0x000001662a470a1e sp=0x00000032af6f7220
Event: 51.053 Thread 0x000001664254e800 DEOPT UNPACKING pc=0x000001662896a95e sp=0x00000032af6f6680 mode 0
Event: 51.372 Thread 0x000001664254e800 DEOPT PACKING pc=0x000001662a4f3b22 sp=0x00000032af6f8fa0
Event: 51.372 Thread 0x000001664254e800 DEOPT UNPACKING pc=0x000001662896a95e sp=0x00000032af6f84d0 mode 0
Event: 51.865 Thread 0x000001664254e800 DEOPT PACKING pc=0x000001662a5e08c6 sp=0x00000032af6fa2b0
Event: 51.866 Thread 0x000001664254e800 DEOPT UNPACKING pc=0x000001662896a95e sp=0x00000032af6f9750 mode 0
Event: 51.962 Thread 0x000001664254e800 Uncommon trap: trap_request=0xffffff4d fr.pc=0x0000016630925af0 relative=0x00000000000002b0
Event: 51.962 Thread 0x000001664254e800 Uncommon trap: reason=unstable_if action=reinterpret pc=0x0000016630925af0 method=sun.nio.fs.WindowsPath.compareTo(Ljava/nio/file/Path;)I @ 76 c2
Event: 51.962 Thread 0x000001664254e800 DEOPT PACKING pc=0x0000016630925af0 sp=0x00000032af6f74a0
Event: 51.962 Thread 0x000001664254e800 DEOPT UNPACKING pc=0x000001662896a1af sp=0x00000032af6f7408 mode 2
Event: 52.109 Thread 0x000001664254e800 DEOPT PACKING pc=0x000001662a4ada66 sp=0x00000032af6f7530
Event: 52.109 Thread 0x000001664254e800 DEOPT UNPACKING pc=0x000001662896a95e sp=0x00000032af6f69c8 mode 0
Event: 52.199 Thread 0x000001664254e800 DEOPT PACKING pc=0x000001662a4d72e6 sp=0x00000032af6f98d0
Event: 52.199 Thread 0x000001664254e800 DEOPT UNPACKING pc=0x000001662896a95e sp=0x00000032af6f8db8 mode 0
Event: 52.328 Thread 0x000001664254e800 DEOPT PACKING pc=0x000001662a4fec2d sp=0x00000032af6fa3a0
Event: 52.328 Thread 0x000001664254e800 DEOPT UNPACKING pc=0x000001662896a95e sp=0x00000032af6f9850 mode 0

Classes redefined (0 events):
No events

Internal exceptions (20 events):
Event: 36.645 Thread 0x0000016642550000 Exception <a 'java/lang/NoSuchMethodError'{0x0000000086cc8478}: 'java.lang.Object java.lang.invoke.DirectMethodHandle$Holder.invokeStaticInit(java.lang.Object, java.lang.Object, long, java.lang.Object)'> (0x0000000086cc8478) thrown at [./src/hotspot/share/interpreter/linkResolver.cpp, line 773]
Event: 36.646 Thread 0x0000016642550000 Exception <a 'java/lang/NoSuchMethodError'{0x0000000086cce368}: 'java.lang.Object java.lang.invoke.DirectMethodHandle$Holder.invokeStatic(java.lang.Object, java.lang.Object, long)'> (0x0000000086cce368) thrown at [./src/hotspot/share/interpreter/linkResolver.cpp, line 773]
Event: 36.647 Thread 0x0000016642550000 Exception <a 'java/lang/NoSuchMethodError'{0x0000000086cd4b38}: 'java.lang.Object java.lang.invoke.Invokers$Holder.linkToTargetMethod(java.lang.Object, long, java.lang.Object)'> (0x0000000086cd4b38) thrown at [./src/hotspot/share/interpreter/linkResolver.cpp, line 773]
Event: 37.384 Thread 0x0000016642550000 Exception <a 'java/lang/NoSuchMethodError'{0x0000000086a3ffa8}: 'int java.lang.invoke.DirectMethodHandle$Holder.invokeSpecialIFC(java.lang.Object, java.lang.Object, java.lang.Object)'> (0x0000000086a3ffa8) thrown at [./src/hotspot/share/interpreter/linkResolver.cpp, line 773]
Event: 43.125 Thread 0x0000016642550000 Exception <a 'sun/nio/fs/WindowsException'{0x00000000875bbfb8}> (0x00000000875bbfb8) thrown at [./src/hotspot/share/prims/jni.cpp, line 615]
Event: 43.129 Thread 0x0000016642550000 Exception <a 'sun/nio/fs/WindowsException'{0x00000000875d6288}> (0x00000000875d6288) thrown at [./src/hotspot/share/prims/jni.cpp, line 615]
Event: 43.129 Thread 0x0000016642550000 Exception <a 'sun/nio/fs/WindowsException'{0x00000000875d6370}> (0x00000000875d6370) thrown at [./src/hotspot/share/prims/jni.cpp, line 615]
Event: 44.611 Thread 0x000001664254e800 Exception <a 'sun/nio/fs/WindowsException'{0x000000008753fb00}> (0x000000008753fb00) thrown at [./src/hotspot/share/prims/jni.cpp, line 615]
Event: 44.611 Thread 0x000001664254e800 Exception <a 'sun/nio/fs/WindowsException'{0x0000000087540958}> (0x0000000087540958) thrown at [./src/hotspot/share/prims/jni.cpp, line 615]
Event: 44.614 Thread 0x000001664254e800 Exception <a 'sun/nio/fs/WindowsException'{0x0000000087547d00}> (0x0000000087547d00) thrown at [./src/hotspot/share/prims/jni.cpp, line 615]
Event: 44.614 Thread 0x000001664254e800 Exception <a 'sun/nio/fs/WindowsException'{0x00000000875486d0}> (0x00000000875486d0) thrown at [./src/hotspot/share/prims/jni.cpp, line 615]
Event: 44.614 Thread 0x000001664254e800 Exception <a 'sun/nio/fs/WindowsException'{0x000000008754a2e8}> (0x000000008754a2e8) thrown at [./src/hotspot/share/prims/jni.cpp, line 615]
Event: 44.614 Thread 0x000001664254e800 Exception <a 'sun/nio/fs/WindowsException'{0x000000008754acc8}> (0x000000008754acc8) thrown at [./src/hotspot/share/prims/jni.cpp, line 615]
Event: 44.628 Thread 0x000001664254e800 Exception <a 'java/lang/NoSuchMethodError'{0x000000008754cb80}: 'int java.lang.invoke.DirectMethodHandle$Holder.invokeSpecial(java.lang.Object, java.lang.Object, java.lang.Object, java.lang.Object, java.lang.Object)'> (0x000000008754cb80) thrown at [./src/hotspot/share/interpreter/linkResolver.cpp, line 773]
Event: 44.635 Thread 0x000001664254e800 Exception <a 'java/lang/NoSuchMethodError'{0x0000000087593690}: 'void java.lang.invoke.DirectMethodHandle$Holder.invokeStatic(java.lang.Object, java.lang.Object, java.lang.Object, java.lang.Object, int, java.lang.Object)'> (0x0000000087593690) thrown at [./src/hotspot/share/interpreter/linkResolver.cpp, line 773]
Event: 46.586 Thread 0x000001664254e800 Exception <a 'java/lang/NoSuchMethodError'{0x0000000086f86978}: 'java.lang.Object java.lang.invoke.Invokers$Holder.linkToTargetMethod(java.lang.Object, java.lang.Object, java.lang.Object, int, int, java.lang.Object)'> (0x0000000086f86978) thrown at [./src/hotspot/share/interpreter/linkResolver.cpp, line 773]
Event: 46.759 Thread 0x000001664254e800 Exception <a 'java/lang/NoSuchMethodError'{0x0000000086b05728}: 'int java.lang.invoke.DirectMethodHandle$Holder.invokeVirtual(java.lang.Object, java.lang.Object, java.lang.Object)'> (0x0000000086b05728) thrown at [./src/hotspot/share/interpreter/linkResolver.cpp, line 773]
Event: 48.255 Thread 0x000001664254e800 Exception <a 'sun/nio/fs/WindowsException'{0x0000000086639e58}> (0x0000000086639e58) thrown at [./src/hotspot/share/prims/jni.cpp, line 615]
Event: 48.255 Thread 0x000001664254e800 Exception <a 'sun/nio/fs/WindowsException'{0x0000000086639f60}> (0x0000000086639f60) thrown at [./src/hotspot/share/prims/jni.cpp, line 615]
Event: 50.803 Thread 0x000001664254e800 Implicit null exception at 0x00000166308f6bff to 0x00000166308f77a0

Events (20 events):
Event: 52.038 loading class com/google/common/collect/Iterators$10 done
Event: 52.039 loading class com/google/common/collect/Iterators$ArrayItr
Event: 52.039 loading class com/google/common/collect/Iterators$ArrayItr done
Event: 52.040 loading class com/google/common/collect/AbstractIndexedListIterator
Event: 52.040 loading class com/google/common/collect/AbstractIndexedListIterator done
Event: 52.041 loading class com/google/common/collect/PeekingIterator
Event: 52.041 loading class com/google/common/collect/PeekingIterator done
Event: 52.051 loading class com/sun/tools/javac/code/Symtab
Event: 52.051 loading class com/sun/tools/javac/code/Symtab done
Event: 52.115 Executing VM operation: G1CollectForAllocation
Event: 52.122 Executing VM operation: G1CollectForAllocation done
Event: 52.163 Executing VM operation: CGC_Operation
Event: 52.176 Executing VM operation: CGC_Operation done
Event: 52.283 Executing VM operation: G1CollectForAllocation
Event: 52.300 Executing VM operation: G1CollectForAllocation done
Event: 52.369 Executing VM operation: CGC_Operation
Event: 52.370 Executing VM operation: CGC_Operation done
Event: 52.377 Executing VM operation: G1CollectForAllocation
Event: 52.390 Executing VM operation: G1CollectForAllocation done
Event: 52.434 Executing VM operation: G1CollectForAllocation


Dynamic libraries:
0x00007ff6f6fe0000 - 0x00007ff6f6fea000 	C:\Program Files\Android\Android Studio\jre\bin\java.exe
0x00007ff92a110000 - 0x00007ff92a308000 	C:\Windows\SYSTEM32\ntdll.dll
0x00007ff9295f0000 - 0x00007ff9296af000 	C:\Windows\System32\KERNEL32.DLL
0x00007ff927cd0000 - 0x00007ff927fa2000 	C:\Windows\System32\KERNELBASE.dll
0x00007ff927a90000 - 0x00007ff927b90000 	C:\Windows\System32\ucrtbase.dll
0x00007ff8fa170000 - 0x00007ff8fa189000 	C:\Program Files\Android\Android Studio\jre\bin\jli.dll
0x00007ff929450000 - 0x00007ff9295ed000 	C:\Windows\System32\USER32.dll
0x00007ff927900000 - 0x00007ff927922000 	C:\Windows\System32\win32u.dll
0x00007ff9296c0000 - 0x00007ff9296eb000 	C:\Windows\System32\GDI32.dll
0x00007ff928050000 - 0x00007ff92815f000 	C:\Windows\System32\gdi32full.dll
0x00007ff927fb0000 - 0x00007ff92804d000 	C:\Windows\System32\msvcp_win.dll
0x00007ff9174a0000 - 0x00007ff91773a000 	C:\Windows\WinSxS\amd64_microsoft.windows.common-controls_6595b64144ccf1df_6.0.19041.1110_none_60b5254171f9507e\COMCTL32.dll
0x00007ff9299c0000 - 0x00007ff929a5e000 	C:\Windows\System32\msvcrt.dll
0x00007ff8fa0b0000 - 0x00007ff8fa0c7000 	C:\Program Files\Android\Android Studio\jre\bin\VCRUNTIME140.dll
0x00007ff928910000 - 0x00007ff928942000 	C:\Windows\System32\IMM32.DLL
0x00007ff8da9d0000 - 0x00007ff8daa6d000 	C:\Program Files\Android\Android Studio\jre\bin\msvcp140.dll
0x00007ff8d39f0000 - 0x00007ff8d44d5000 	C:\Program Files\Android\Android Studio\jre\bin\server\jvm.dll
0x00007ff9293a0000 - 0x00007ff92944e000 	C:\Windows\System32\ADVAPI32.dll
0x00007ff929fa0000 - 0x00007ff92a03c000 	C:\Windows\System32\sechost.dll
0x00007ff928cb0000 - 0x00007ff928dd5000 	C:\Windows\System32\RPCRT4.dll
0x00007ff928950000 - 0x00007ff928958000 	C:\Windows\System32\PSAPI.DLL
0x00007ff9142c0000 - 0x00007ff9142c9000 	C:\Windows\SYSTEM32\WSOCK32.dll
0x00007ff917210000 - 0x00007ff917237000 	C:\Windows\SYSTEM32\WINMM.dll
0x00007ff91fb00000 - 0x00007ff91fb0a000 	C:\Windows\SYSTEM32\VERSION.dll
0x00007ff928b10000 - 0x00007ff928b7b000 	C:\Windows\System32\WS2_32.dll
0x00007ff926060000 - 0x00007ff926072000 	C:\Windows\SYSTEM32\kernel.appcore.dll
0x00007ff91fa70000 - 0x00007ff91fa81000 	C:\Program Files\Android\Android Studio\jre\bin\verify.dll
0x00007ff925d60000 - 0x00007ff925f44000 	C:\Windows\SYSTEM32\DBGHELP.DLL
0x00007ff90e600000 - 0x00007ff90e62c000 	C:\Windows\SYSTEM32\dbgcore.DLL
0x00007ff927c40000 - 0x00007ff927cc2000 	C:\Windows\System32\bcryptPrimitives.dll
0x00007ff902fa0000 - 0x00007ff902fc9000 	C:\Program Files\Android\Android Studio\jre\bin\java.dll
0x00007ff920940000 - 0x00007ff92094b000 	C:\Program Files\Android\Android Studio\jre\bin\jimage.dll
0x00007ff902c40000 - 0x00007ff902c58000 	C:\Program Files\Android\Android Studio\jre\bin\zip.dll
0x00007ff9281c0000 - 0x00007ff928903000 	C:\Windows\System32\SHELL32.dll
0x00007ff9255c0000 - 0x00007ff925d52000 	C:\Windows\SYSTEM32\windows.storage.dll
0x00007ff929040000 - 0x00007ff929394000 	C:\Windows\System32\combase.dll
0x00007ff927190000 - 0x00007ff9271c0000 	C:\Windows\SYSTEM32\Wldp.dll
0x00007ff9298b0000 - 0x00007ff92995d000 	C:\Windows\System32\SHCORE.dll
0x00007ff928160000 - 0x00007ff9281b5000 	C:\Windows\System32\shlwapi.dll
0x00007ff927750000 - 0x00007ff92776f000 	C:\Windows\SYSTEM32\profapi.dll
0x00007ff8fdf90000 - 0x00007ff8fdfaa000 	C:\Program Files\Android\Android Studio\jre\bin\net.dll
0x00007ff9177e0000 - 0x00007ff9178ec000 	C:\Windows\SYSTEM32\WINHTTP.dll
0x00007ff926ef0000 - 0x00007ff926f5a000 	C:\Windows\system32\mswsock.dll
0x00007ff8fdf70000 - 0x00007ff8fdf84000 	C:\Program Files\Android\Android Studio\jre\bin\nio.dll
0x00007ff8fd9d0000 - 0x00007ff8fd9f7000 	C:\Users\HungNguyen\.gradle\native\f6784746aeab05261644944871eae4fe03e0ef1612fff0a4a95f87b438bc6780\windows-amd64\native-platform.dll
0x00007ff902f70000 - 0x00007ff902f7a000 	C:\Program Files\Android\Android Studio\jre\bin\management.dll
0x00007ff902ca0000 - 0x00007ff902cad000 	C:\Program Files\Android\Android Studio\jre\bin\management_ext.dll
0x00007ff9270e0000 - 0x00007ff9270f8000 	C:\Windows\SYSTEM32\CRYPTSP.dll
0x00007ff926810000 - 0x00007ff926844000 	C:\Windows\system32\rsaenh.dll
0x00007ff9278d0000 - 0x00007ff9278f7000 	C:\Windows\System32\bcrypt.dll
0x00007ff927710000 - 0x00007ff92773e000 	C:\Windows\SYSTEM32\USERENV.dll
0x00007ff927100000 - 0x00007ff92710c000 	C:\Windows\SYSTEM32\CRYPTBASE.dll
0x00007ff926be0000 - 0x00007ff926c1b000 	C:\Windows\SYSTEM32\IPHLPAPI.DLL
0x00007ff9297a0000 - 0x00007ff9297a8000 	C:\Windows\System32\NSI.dll
0x00007ff91bd20000 - 0x00007ff91bd37000 	C:\Windows\SYSTEM32\dhcpcsvc6.DLL
0x00007ff91f510000 - 0x00007ff91f52d000 	C:\Windows\SYSTEM32\dhcpcsvc.DLL
0x00007ff926c20000 - 0x00007ff926cea000 	C:\Windows\SYSTEM32\DNSAPI.dll
0x00007ff91fb30000 - 0x00007ff91fb3b000 	C:\Windows\SYSTEM32\WINNSI.DLL

dbghelp: loaded successfully - version: 4.0.5 - missing functions: none
symbol engine: initialized successfully - sym options: 0x614 - pdb path: .;C:\Program Files\Android\Android Studio\jre\bin;C:\Windows\SYSTEM32;C:\Windows\WinSxS\amd64_microsoft.windows.common-controls_6595b64144ccf1df_6.0.19041.1110_none_60b5254171f9507e;C:\Program Files\Android\Android Studio\jre\bin\server;C:\Users\HungNguyen\.gradle\native\f6784746aeab05261644944871eae4fe03e0ef1612fff0a4a95f87b438bc6780\windows-amd64

VM Arguments:
jvm_args: --add-opens=java.base/java.util=ALL-UNNAMED --add-opens=java.base/java.lang=ALL-UNNAMED --add-opens=java.base/java.lang.invoke=ALL-UNNAMED --add-opens=java.prefs/java.util.prefs=ALL-UNNAMED -Xmx2048m -Dfile.encoding=UTF-8 -Duser.country=US -Duser.language=en -Duser.variant 
java_command: org.gradle.launcher.daemon.bootstrap.GradleDaemon 6.5
java_class_path (initial): C:\Users\HungNguyen\.gradle\wrapper\dists\gradle-6.5-all\2oz4ud9k3tuxjg84bbf55q0tn\gradle-6.5\lib\gradle-launcher-6.5.jar
Launcher Type: SUN_STANDARD

[Global flags]
     intx CICompilerCount                          = 3                                         {product} {ergonomic}
     uint ConcGCThreads                            = 1                                         {product} {ergonomic}
     uint G1ConcRefinementThreads                  = 4                                         {product} {ergonomic}
   size_t G1HeapRegionSize                         = 1048576                                   {product} {ergonomic}
    uintx GCDrainStackTargetSize                   = 64                                        {product} {ergonomic}
   size_t InitialHeapSize                          = 132120576                                 {product} {ergonomic}
   size_t MarkStackSize                            = 4194304                                   {product} {ergonomic}
   size_t MaxHeapSize                              = 2147483648                                {product} {command line}
   size_t MaxNewSize                               = 1287651328                                {product} {ergonomic}
   size_t MinHeapDeltaBytes                        = 1048576                                   {product} {ergonomic}
    uintx NonNMethodCodeHeapSize                   = 5830732                                {pd product} {ergonomic}
    uintx NonProfiledCodeHeapSize                  = 122913754                              {pd product} {ergonomic}
    uintx ProfiledCodeHeapSize                     = 122913754                              {pd product} {ergonomic}
    uintx ReservedCodeCacheSize                    = 251658240                              {pd product} {ergonomic}
     bool SegmentedCodeCache                       = true                                      {product} {ergonomic}
     bool UseCompressedClassPointers               = true                                 {lp64_product} {ergonomic}
     bool UseCompressedOops                        = true                                 {lp64_product} {ergonomic}
     bool UseG1GC                                  = true                                      {product} {ergonomic}
     bool UseLargePagesIndividualAllocation        = false                                  {pd product} {ergonomic}

Logging:
Log output configuration:
 #0: stdout all=warning uptime,level,tags
 #1: stderr all=off uptime,level,tags

Environment Variables:
JAVA_HOME=C:\Program Files\Java\jdk-11.0.15.1
PATH=C:\Program Files\Common Files\Oracle\Java\javapath;C:\Windows\system32;C:\Windows;C:\Windows\System32\Wbem;C:\Windows\System32\WindowsPowerShell\v1.0\;C:\Windows\System32\OpenSSH\;C:\Program Files\Git\cmd;C:\Program Files\Java\jdk-11.0.15.1\bin;C:\MinGW\bin;C:\Users\HungNguyen\AppData\Local\Microsoft\WindowsApps;;C:\Users\HungNguyen\AppData\Local\Programs\Microsoft VS Code\bin
USERNAME=HungNguyen
OS=Windows_NT
PROCESSOR_IDENTIFIER=Intel64 Family 6 Model 78 Stepping 3, GenuineIntel



---------------  S Y S T E M  ---------------

OS: Windows 10 , 64 bit Build 19041 (10.0.19041.2251)
OS uptime: 0 days 0:31 hours

CPU:total 4 (initial active 4) (2 cores per cpu, 2 threads per core) family 6 model 78 stepping 3 microcode 0xec, cmov, cx8, fxsr, mmx, sse, sse2, sse3, ssse3, sse4.1, sse4.2, popcnt, avx, avx2, aes, clmul, erms, rtm, 3dnowpref, lzcnt, ht, tsc, tscinvbit, bmi1, bmi2, adx, fma

Memory: 4k page, system-wide physical 8053M (223M free)
TotalPageFile size 9955M (AvailPageFile size 61M)
current process WorkingSet (physical memory assigned to process): 363M, peak: 363M
current process commit charge ("private bytes"): 418M, peak: 487M

vm_info: OpenJDK 64-Bit Server VM (11.0.12+7-b1504.28-7817840) for windows-amd64 JRE (11.0.12+7-b1504.28-7817840), built on Oct 13 2021 22:12:33 by "builder" with MS VC++ 14.0 (VS2015)

END.
