#
# There is insufficient memory for the Java Runtime Environment to continue.
# Native memory allocation (malloc) failed to allocate 1530736 bytes for Chunk::new
# Possible reasons:
#   The system is out of physical RAM or swap space
#   The process is running with CompressedOops enabled, and the Java Heap may be blocking the growth of the native heap
# Possible solutions:
#   Reduce memory load on the system
#   Increase physical memory or swap space
#   Check if swap backing store is full
#   Decrease Java heap size (-Xmx/-Xms)
#   Decrease number of Java threads
#   Decrease Java thread stack sizes (-Xss)
#   Set larger code cache with -XX:ReservedCodeCacheSize=
#   JVM is running with Unscaled Compressed Oops mode in which the Java heap is
#     placed in the first 4GB address space. The Java Heap base address is the
#     maximum limit for the native heap growth. Please use -XX:HeapBaseMinAddress
#     to set the Java Heap base and to place the Java Heap above 4GB virtual address.
# This output file may be truncated or incomplete.
#
#  Out of Memory Error (./src/hotspot/share/memory/arena.cpp:197), pid=8972, tid=9680
#
# JRE version: OpenJDK Runtime Environment (11.0.12+7) (build 11.0.12+7-b1504.28-7817840)
# Java VM: OpenJDK 64-Bit Server VM (11.0.12+7-b1504.28-7817840, mixed mode, tiered, compressed oops, g1 gc, windows-amd64)
# No core dump will be written. Minidumps are not enabled by default on client versions of Windows
#

---------------  S U M M A R Y ------------

Command Line: --add-opens=java.base/java.util=ALL-UNNAMED --add-opens=java.base/java.lang=ALL-UNNAMED --add-opens=java.base/java.lang.invoke=ALL-UNNAMED --add-opens=java.prefs/java.util.prefs=ALL-UNNAMED -Xmx2048m -Dfile.encoding=UTF-8 -Duser.country=US -Duser.language=en -Duser.variant org.gradle.launcher.daemon.bootstrap.GradleDaemon 6.5

Host: Intel(R) Core(TM) i5-6300U CPU @ 2.40GHz, 4 cores, 7G,  Windows 10 , 64 bit Build 19041 (10.0.19041.2251)
Time: Mon Nov 21 09:54:32 2022 SE Asia Standard Time elapsed time: 29.160835 seconds (0d 0h 0m 29s)

---------------  T H R E A D  ---------------

Current thread (0x0000023c64b9f800):  JavaThread "C2 CompilerThread1" daemon [_thread_in_native, id=9680, stack(0x0000005530900000,0x0000005530a00000)]


Current CompileTask:
C2:  29160 11740       4       com.android.tools.r8.ir.optimize.K::a (282 bytes)

Stack: [0x0000005530900000,0x0000005530a00000]
Native frames: (J=compiled Java code, j=interpreted, Vv=VM code, C=native code)
V  [jvm.dll+0x5fbcea]
V  [jvm.dll+0x731905]
V  [jvm.dll+0x732f1d]
V  [jvm.dll+0x7335d3]
V  [jvm.dll+0x247bf8]
V  [jvm.dll+0xc018c]
V  [jvm.dll+0xc06cc]
V  [jvm.dll+0x35b31d]
V  [jvm.dll+0x328803]
V  [jvm.dll+0x327cfa]
V  [jvm.dll+0x200602]
V  [jvm.dll+0x1ff794]
V  [jvm.dll+0x18868c]
V  [jvm.dll+0x20e0d7]
V  [jvm.dll+0x20c901]
V  [jvm.dll+0x6f9b7f]
V  [jvm.dll+0x6f26a5]
V  [jvm.dll+0x5fabf6]
C  [ucrtbase.dll+0x21bb2]
C  [KERNEL32.DLL+0x174b4]
C  [ntdll.dll+0x526a1]


---------------  P R O C E S S  ---------------

Threads class SMR info:
_java_thread_list=0x0000023c6402d530, length=142, elements={
0x0000023c431f0800, 0x0000023c5cdde000, 0x0000023c5cdea000, 0x0000023c5d772800,
0x0000023c5cdfb000, 0x0000023c5cdfe000, 0x0000023c5ce0b800, 0x0000023c5ce10000,
0x0000023c5ce11800, 0x0000023c5d8a4000, 0x0000023c5ec55800, 0x0000023c5ecf4800,
0x0000023c5f58d800, 0x0000023c5eb5c800, 0x0000023c5eb5d000, 0x0000023c5f5e8000,
0x0000023c5ec84800, 0x0000023c5ee34000, 0x0000023c5ec63000, 0x0000023c5ec71800,
0x0000023c5ec72000, 0x0000023c5ec70000, 0x0000023c5ec70800, 0x0000023c5ec6c800,
0x0000023c5ec73000, 0x0000023c5ec6d800, 0x0000023c5ec6e000, 0x0000023c5ec6f000,
0x0000023c623d7800, 0x0000023c623d6800, 0x0000023c623d9000, 0x0000023c623d6000,
0x0000023c623d5000, 0x0000023c623da800, 0x0000023c60152000, 0x0000023c6014f000,
0x0000023c60154800, 0x0000023c60153000, 0x0000023c60154000, 0x0000023c60155800,
0x0000023c6014f800, 0x0000023c60156800, 0x0000023c60150800, 0x0000023c60157000,
0x0000023c60151800, 0x0000023c6015a800, 0x0000023c6015b000, 0x0000023c6015d000,
0x0000023c6015c000, 0x0000023c60158800, 0x0000023c60159800, 0x0000023c6015d800,
0x0000023c60158000, 0x0000023c5e160000, 0x0000023c5e164000, 0x0000023c5e166800,
0x0000023c5e162000, 0x0000023c5e165000, 0x0000023c5e162800, 0x0000023c5e166000,
0x0000023c5e161000, 0x0000023c5e169000, 0x0000023c5e163800, 0x0000023c5e168800,
0x0000023c5e16d000, 0x0000023c5e167800, 0x0000023c5e16a800, 0x0000023c5e16a000,
0x0000023c5e16e000, 0x0000023c5e16f000, 0x0000023c5e16b800, 0x0000023c5e16c800,
0x0000023c61e55800, 0x0000023c61e56800, 0x0000023c61e55000, 0x0000023c61e57800,
0x0000023c61e52800, 0x0000023c61e51800, 0x0000023c61e54000, 0x0000023c61e58000,
0x0000023c61e59000, 0x0000023c61e53000, 0x0000023c61e5e000, 0x0000023c61e5e800,
0x0000023c61e5a800, 0x0000023c61e5b800, 0x0000023c61e5f800, 0x0000023c61e5c000,
0x0000023c61e59800, 0x0000023c61e60000, 0x0000023c61e5d000, 0x0000023c61f47800,
0x0000023c61f48000, 0x0000023c61f46800, 0x0000023c61f43800, 0x0000023c61f42800,
0x0000023c61f49000, 0x0000023c61f44000, 0x0000023c61f4a800, 0x0000023c61f4a000,
0x0000023c61f45000, 0x0000023c61f4b800, 0x0000023c61f46000, 0x0000023c61f4e800,
0x0000023c61f4e000, 0x0000023c61f4c800, 0x0000023c61f4d000, 0x0000023c61f51000,
0x0000023c61f4f800, 0x0000023c61f50800, 0x0000023c62253800, 0x0000023c62252800,
0x0000023c62251000, 0x0000023c62256000, 0x0000023c62257800, 0x0000023c62251800,
0x0000023c6225a000, 0x0000023c62258000, 0x0000023c62259000, 0x0000023c62256800,
0x0000023c62254000, 0x0000023c6225a800, 0x0000023c62255000, 0x0000023c6225e000,
0x0000023c6225d000, 0x0000023c6225b800, 0x0000023c6225f800, 0x0000023c6225f000,
0x0000023c6225c800, 0x0000023c6047c000, 0x0000023c6047a800, 0x0000023c60481000,
0x0000023c6047b800, 0x0000023c60482800, 0x0000023c60482000, 0x0000023c6047d000,
0x0000023c60483800, 0x0000023c60484800, 0x0000023c6047f800, 0x0000023c6047e800,
0x0000023c60489800, 0x0000023c64b9f800
}

Java Threads: ( => current thread )
  0x0000023c431f0800 JavaThread "main" [_thread_blocked, id=12168, stack(0x0000005527d00000,0x0000005527e00000)]
  0x0000023c5cdde000 JavaThread "Reference Handler" daemon [_thread_blocked, id=11320, stack(0x0000005528400000,0x0000005528500000)]
  0x0000023c5cdea000 JavaThread "Finalizer" daemon [_thread_blocked, id=11408, stack(0x0000005528500000,0x0000005528600000)]
  0x0000023c5d772800 JavaThread "Signal Dispatcher" daemon [_thread_blocked, id=8176, stack(0x0000005528600000,0x0000005528700000)]
  0x0000023c5cdfb000 JavaThread "Attach Listener" daemon [_thread_blocked, id=7096, stack(0x0000005528700000,0x0000005528800000)]
  0x0000023c5cdfe000 JavaThread "Service Thread" daemon [_thread_blocked, id=3976, stack(0x0000005528800000,0x0000005528900000)]
  0x0000023c5ce0b800 JavaThread "C2 CompilerThread0" daemon [_thread_in_native, id=11812, stack(0x0000005528900000,0x0000005528a00000)]
  0x0000023c5ce10000 JavaThread "C1 CompilerThread0" daemon [_thread_blocked, id=10040, stack(0x0000005528a00000,0x0000005528b00000)]
  0x0000023c5ce11800 JavaThread "Sweeper thread" daemon [_thread_blocked, id=4256, stack(0x0000005528b00000,0x0000005528c00000)]
  0x0000023c5d8a4000 JavaThread "Common-Cleaner" daemon [_thread_blocked, id=7432, stack(0x0000005528c00000,0x0000005528d00000)]
  0x0000023c5ec55800 JavaThread "Daemon health stats" [_thread_blocked, id=1736, stack(0x0000005529100000,0x0000005529200000)]
  0x0000023c5ecf4800 JavaThread "Incoming local TCP Connector on port 50510" [_thread_in_native, id=6828, stack(0x0000005529300000,0x0000005529400000)]
  0x0000023c5f58d800 JavaThread "Daemon periodic checks" [_thread_blocked, id=12180, stack(0x0000005529400000,0x0000005529500000)]
  0x0000023c5eb5c800 JavaThread "Daemon" [_thread_blocked, id=10316, stack(0x0000005529500000,0x0000005529600000)]
  0x0000023c5eb5d000 JavaThread "Handler for socket connection from /127.0.0.1:50510 to /127.0.0.1:50511" [_thread_in_native, id=10504, stack(0x0000005529600000,0x0000005529700000)]
  0x0000023c5f5e8000 JavaThread "Cancel handler" [_thread_blocked, id=4104, stack(0x0000005529700000,0x0000005529800000)]
  0x0000023c5ec84800 JavaThread "Daemon worker" [_thread_blocked, id=4968, stack(0x0000005529800000,0x0000005529900000)]
  0x0000023c5ee34000 JavaThread "Asynchronous log dispatcher for DefaultDaemonConnection: socket connection from /127.0.0.1:50510 to /127.0.0.1:50511" [_thread_blocked, id=3968, stack(0x0000005529900000,0x0000005529a00000)]
  0x0000023c5ec63000 JavaThread "Stdin handler" [_thread_blocked, id=11676, stack(0x0000005529a00000,0x0000005529b00000)]
  0x0000023c5ec71800 JavaThread "Thread-8" [_thread_blocked, id=9532, stack(0x0000005529b00000,0x0000005529c00000)]
  0x0000023c5ec72000 JavaThread "Cache worker for journal cache (C:\Users\HungNguyen\.gradle\caches\journal-1)" [_thread_blocked, id=7400, stack(0x0000005529d00000,0x0000005529e00000)]
  0x0000023c5ec70000 JavaThread "File lock request listener" [_thread_in_native, id=3404, stack(0x0000005529e00000,0x0000005529f00000)]
  0x0000023c5ec70800 JavaThread "Cache worker for file hash cache (C:\Users\HungNguyen\.gradle\caches\6.5\fileHashes)" [_thread_blocked, id=12196, stack(0x0000005529f00000,0x000000552a000000)]
  0x0000023c5ec6c800 JavaThread "Cache worker for file hash cache (D:\Projects\Lab411\VirtualAssistentUAVs\.gradle\6.5\fileHashes)" [_thread_blocked, id=2080, stack(0x000000552a100000,0x000000552a200000)]
  0x0000023c5ec73000 JavaThread "Cache worker for checksums cache (D:\Projects\Lab411\VirtualAssistentUAVs\.gradle\checksums)" [_thread_blocked, id=10016, stack(0x000000552a200000,0x000000552a300000)]
  0x0000023c5ec6d800 JavaThread "Cache worker for cache directory md-supplier (C:\Users\HungNguyen\.gradle\caches\6.5\md-supplier)" [_thread_blocked, id=12136, stack(0x000000552a300000,0x000000552a400000)]
  0x0000023c5ec6e000 JavaThread "Cache worker for cache directory md-rule (C:\Users\HungNguyen\.gradle\caches\6.5\md-rule)" [_thread_blocked, id=2808, stack(0x000000552a400000,0x000000552a500000)]
  0x0000023c5ec6f000 JavaThread "Cache worker for execution history cache (C:\Users\HungNguyen\.gradle\caches\6.5\executionHistory)" [_thread_blocked, id=11888, stack(0x000000552a500000,0x000000552a600000)]
  0x0000023c623d7800 JavaThread "jar transforms" [_thread_blocked, id=7420, stack(0x000000552a600000,0x000000552a700000)]
  0x0000023c623d6800 JavaThread "Cache worker for file content cache (C:\Users\HungNguyen\.gradle\caches\6.5\fileContent)" [_thread_blocked, id=10676, stack(0x000000552a700000,0x000000552a800000)]
  0x0000023c623d9000 JavaThread "Build operations" [_thread_blocked, id=9228, stack(0x000000552a800000,0x000000552a900000)]
  0x0000023c623d6000 JavaThread "Build operations Thread 2" [_thread_blocked, id=10848, stack(0x000000552a900000,0x000000552aa00000)]
  0x0000023c623d5000 JavaThread "Build operations Thread 3" [_thread_blocked, id=1372, stack(0x000000552aa00000,0x000000552ab00000)]
  0x0000023c623da800 JavaThread "Build operations Thread 4" [_thread_blocked, id=12156, stack(0x000000552ab00000,0x000000552ac00000)]
  0x0000023c60152000 JavaThread "jar transforms Thread 2" [_thread_blocked, id=2348, stack(0x000000552ac00000,0x000000552ad00000)]
  0x0000023c6014f000 JavaThread "jar transforms Thread 3" [_thread_blocked, id=1512, stack(0x000000552ad00000,0x000000552ae00000)]
  0x0000023c60154800 JavaThread "jar transforms Thread 4" [_thread_blocked, id=10160, stack(0x000000552ae00000,0x000000552af00000)]
  0x0000023c60153000 JavaThread "jar transforms Thread 5" [_thread_blocked, id=4188, stack(0x000000552af00000,0x000000552b000000)]
  0x0000023c60154000 JavaThread "jar transforms Thread 6" [_thread_blocked, id=3324, stack(0x000000552b000000,0x000000552b100000)]
  0x0000023c60155800 JavaThread "jar transforms Thread 7" [_thread_blocked, id=7660, stack(0x000000552b100000,0x000000552b200000)]
  0x0000023c6014f800 JavaThread "jar transforms Thread 8" [_thread_blocked, id=7268, stack(0x000000552b200000,0x000000552b300000)]
  0x0000023c60156800 JavaThread "jar transforms Thread 9" [_thread_blocked, id=652, stack(0x000000552b300000,0x000000552b400000)]
  0x0000023c60150800 JavaThread "jar transforms Thread 10" [_thread_blocked, id=6008, stack(0x000000552b400000,0x000000552b500000)]
  0x0000023c60157000 JavaThread "jar transforms Thread 11" [_thread_blocked, id=4820, stack(0x000000552b500000,0x000000552b600000)]
  0x0000023c60151800 JavaThread "jar transforms Thread 12" [_thread_blocked, id=3480, stack(0x000000552b600000,0x000000552b700000)]
  0x0000023c6015a800 JavaThread "jar transforms Thread 13" [_thread_blocked, id=2516, stack(0x000000552b700000,0x000000552b800000)]
  0x0000023c6015b000 JavaThread "jar transforms Thread 14" [_thread_blocked, id=4176, stack(0x000000552b800000,0x000000552b900000)]
  0x0000023c6015d000 JavaThread "jar transforms Thread 15" [_thread_blocked, id=3872, stack(0x000000552b900000,0x000000552ba00000)]
  0x0000023c6015c000 JavaThread "jar transforms Thread 16" [_thread_blocked, id=1584, stack(0x000000552ba00000,0x000000552bb00000)]
  0x0000023c60158800 JavaThread "jar transforms Thread 17" [_thread_blocked, id=11232, stack(0x000000552bb00000,0x000000552bc00000)]
  0x0000023c60159800 JavaThread "jar transforms Thread 18" [_thread_blocked, id=5652, stack(0x000000552bc00000,0x000000552bd00000)]
  0x0000023c6015d800 JavaThread "jar transforms Thread 19" [_thread_blocked, id=5416, stack(0x000000552bd00000,0x000000552be00000)]
  0x0000023c60158000 JavaThread "jar transforms Thread 20" [_thread_blocked, id=6872, stack(0x000000552be00000,0x000000552bf00000)]
  0x0000023c5e160000 JavaThread "jar transforms Thread 21" [_thread_blocked, id=6708, stack(0x000000552bf00000,0x000000552c000000)]
  0x0000023c5e164000 JavaThread "jar transforms Thread 22" [_thread_blocked, id=8500, stack(0x000000552c000000,0x000000552c100000)]
  0x0000023c5e166800 JavaThread "jar transforms Thread 23" [_thread_blocked, id=10712, stack(0x000000552c100000,0x000000552c200000)]
  0x0000023c5e162000 JavaThread "jar transforms Thread 24" [_thread_blocked, id=4672, stack(0x000000552c200000,0x000000552c300000)]
  0x0000023c5e165000 JavaThread "jar transforms Thread 25" [_thread_blocked, id=9992, stack(0x000000552c300000,0x000000552c400000)]
  0x0000023c5e162800 JavaThread "jar transforms Thread 26" [_thread_blocked, id=6528, stack(0x000000552c400000,0x000000552c500000)]
  0x0000023c5e166000 JavaThread "jar transforms Thread 27" [_thread_blocked, id=5760, stack(0x000000552c500000,0x000000552c600000)]
  0x0000023c5e161000 JavaThread "jar transforms Thread 28" [_thread_blocked, id=6744, stack(0x000000552c600000,0x000000552c700000)]
  0x0000023c5e169000 JavaThread "jar transforms Thread 29" [_thread_blocked, id=2716, stack(0x000000552c700000,0x000000552c800000)]
  0x0000023c5e163800 JavaThread "jar transforms Thread 30" [_thread_blocked, id=11300, stack(0x000000552c800000,0x000000552c900000)]
  0x0000023c5e168800 JavaThread "jar transforms Thread 31" [_thread_blocked, id=2476, stack(0x000000552c900000,0x000000552ca00000)]
  0x0000023c5e16d000 JavaThread "jar transforms Thread 32" [_thread_blocked, id=10180, stack(0x000000552ca00000,0x000000552cb00000)]
  0x0000023c5e167800 JavaThread "jar transforms Thread 33" [_thread_blocked, id=6264, stack(0x000000552cb00000,0x000000552cc00000)]
  0x0000023c5e16a800 JavaThread "jar transforms Thread 34" [_thread_blocked, id=4984, stack(0x000000552cc00000,0x000000552cd00000)]
  0x0000023c5e16a000 JavaThread "jar transforms Thread 35" [_thread_blocked, id=7212, stack(0x000000552cd00000,0x000000552ce00000)]
  0x0000023c5e16e000 JavaThread "jar transforms Thread 36" [_thread_blocked, id=11148, stack(0x000000552ce00000,0x000000552cf00000)]
  0x0000023c5e16f000 JavaThread "jar transforms Thread 37" [_thread_blocked, id=4676, stack(0x000000552cf00000,0x000000552d000000)]
  0x0000023c5e16b800 JavaThread "jar transforms Thread 38" [_thread_blocked, id=1092, stack(0x000000552d000000,0x000000552d100000)]
  0x0000023c5e16c800 JavaThread "jar transforms Thread 39" [_thread_blocked, id=428, stack(0x000000552d100000,0x000000552d200000)]
  0x0000023c61e55800 JavaThread "jar transforms Thread 40" [_thread_blocked, id=32, stack(0x000000552d200000,0x000000552d300000)]
  0x0000023c61e56800 JavaThread "jar transforms Thread 41" [_thread_blocked, id=9080, stack(0x000000552d300000,0x000000552d400000)]
  0x0000023c61e55000 JavaThread "jar transforms Thread 42" [_thread_blocked, id=6448, stack(0x000000552d400000,0x000000552d500000)]
  0x0000023c61e57800 JavaThread "jar transforms Thread 43" [_thread_blocked, id=10904, stack(0x000000552d500000,0x000000552d600000)]
  0x0000023c61e52800 JavaThread "jar transforms Thread 44" [_thread_blocked, id=6656, stack(0x000000552d600000,0x000000552d700000)]
  0x0000023c61e51800 JavaThread "jar transforms Thread 45" [_thread_blocked, id=9628, stack(0x000000552d700000,0x000000552d800000)]
  0x0000023c61e54000 JavaThread "jar transforms Thread 46" [_thread_blocked, id=5368, stack(0x000000552d800000,0x000000552d900000)]
  0x0000023c61e58000 JavaThread "jar transforms Thread 47" [_thread_blocked, id=9864, stack(0x000000552d900000,0x000000552da00000)]
  0x0000023c61e59000 JavaThread "jar transforms Thread 48" [_thread_blocked, id=9248, stack(0x000000552da00000,0x000000552db00000)]
  0x0000023c61e53000 JavaThread "jar transforms Thread 49" [_thread_blocked, id=7456, stack(0x000000552db00000,0x000000552dc00000)]
  0x0000023c61e5e000 JavaThread "jar transforms Thread 50" [_thread_blocked, id=4568, stack(0x000000552dc00000,0x000000552dd00000)]
  0x0000023c61e5e800 JavaThread "jar transforms Thread 51" [_thread_blocked, id=6100, stack(0x000000552dd00000,0x000000552de00000)]
  0x0000023c61e5a800 JavaThread "jar transforms Thread 52" [_thread_blocked, id=3952, stack(0x000000552de00000,0x000000552df00000)]
  0x0000023c61e5b800 JavaThread "jar transforms Thread 53" [_thread_blocked, id=2340, stack(0x000000552df00000,0x000000552e000000)]
  0x0000023c61e5f800 JavaThread "jar transforms Thread 54" [_thread_blocked, id=1788, stack(0x000000552e000000,0x000000552e100000)]
  0x0000023c61e5c000 JavaThread "jar transforms Thread 55" [_thread_blocked, id=2540, stack(0x000000552e100000,0x000000552e200000)]
  0x0000023c61e59800 JavaThread "jar transforms Thread 56" [_thread_blocked, id=5296, stack(0x000000552e200000,0x000000552e300000)]
  0x0000023c61e60000 JavaThread "jar transforms Thread 57" [_thread_blocked, id=8268, stack(0x000000552e300000,0x000000552e400000)]
  0x0000023c61e5d000 JavaThread "jar transforms Thread 58" [_thread_blocked, id=6024, stack(0x000000552e400000,0x000000552e500000)]
  0x0000023c61f47800 JavaThread "jar transforms Thread 59" [_thread_blocked, id=9440, stack(0x000000552e500000,0x000000552e600000)]
  0x0000023c61f48000 JavaThread "jar transforms Thread 60" [_thread_blocked, id=860, stack(0x000000552e600000,0x000000552e700000)]
  0x0000023c61f46800 JavaThread "jar transforms Thread 61" [_thread_blocked, id=6736, stack(0x000000552e700000,0x000000552e800000)]
  0x0000023c61f43800 JavaThread "jar transforms Thread 62" [_thread_blocked, id=10416, stack(0x000000552e800000,0x000000552e900000)]
  0x0000023c61f42800 JavaThread "jar transforms Thread 63" [_thread_blocked, id=8840, stack(0x000000552e900000,0x000000552ea00000)]
  0x0000023c61f49000 JavaThread "jar transforms Thread 64" [_thread_blocked, id=648, stack(0x000000552ea00000,0x000000552eb00000)]
  0x0000023c61f44000 JavaThread "jar transforms Thread 65" [_thread_blocked, id=10372, stack(0x000000552eb00000,0x000000552ec00000)]
  0x0000023c61f4a800 JavaThread "jar transforms Thread 66" [_thread_blocked, id=6704, stack(0x000000552ec00000,0x000000552ed00000)]
  0x0000023c61f4a000 JavaThread "jar transforms Thread 67" [_thread_blocked, id=12060, stack(0x000000552ed00000,0x000000552ee00000)]
  0x0000023c61f45000 JavaThread "jar transforms Thread 68" [_thread_blocked, id=8076, stack(0x000000552ee00000,0x000000552ef00000)]
  0x0000023c61f4b800 JavaThread "jar transforms Thread 69" [_thread_blocked, id=8836, stack(0x000000552ef00000,0x000000552f000000)]
  0x0000023c61f46000 JavaThread "jar transforms Thread 70" [_thread_blocked, id=2444, stack(0x000000552f000000,0x000000552f100000)]
  0x0000023c61f4e800 JavaThread "jar transforms Thread 71" [_thread_blocked, id=3332, stack(0x000000552f100000,0x000000552f200000)]
  0x0000023c61f4e000 JavaThread "jar transforms Thread 72" [_thread_blocked, id=10628, stack(0x000000552f200000,0x000000552f300000)]
  0x0000023c61f4c800 JavaThread "jar transforms Thread 73" [_thread_blocked, id=11728, stack(0x000000552f300000,0x000000552f400000)]
  0x0000023c61f4d000 JavaThread "jar transforms Thread 74" [_thread_blocked, id=9196, stack(0x000000552f400000,0x000000552f500000)]
  0x0000023c61f51000 JavaThread "jar transforms Thread 75" [_thread_blocked, id=5560, stack(0x000000552f500000,0x000000552f600000)]
  0x0000023c61f4f800 JavaThread "jar transforms Thread 76" [_thread_blocked, id=1112, stack(0x000000552f600000,0x000000552f700000)]
  0x0000023c61f50800 JavaThread "jar transforms Thread 77" [_thread_blocked, id=5420, stack(0x000000552f700000,0x000000552f800000)]
  0x0000023c62253800 JavaThread "jar transforms Thread 78" [_thread_blocked, id=6128, stack(0x000000552f800000,0x000000552f900000)]
  0x0000023c62252800 JavaThread "jar transforms Thread 79" [_thread_blocked, id=8364, stack(0x000000552f900000,0x000000552fa00000)]
  0x0000023c62251000 JavaThread "jar transforms Thread 80" [_thread_blocked, id=7044, stack(0x000000552fa00000,0x000000552fb00000)]
  0x0000023c62256000 JavaThread "jar transforms Thread 81" [_thread_blocked, id=3580, stack(0x000000552fb00000,0x000000552fc00000)]
  0x0000023c62257800 JavaThread "jar transforms Thread 82" [_thread_blocked, id=4136, stack(0x000000552fc00000,0x000000552fd00000)]
  0x0000023c62251800 JavaThread "jar transforms Thread 83" [_thread_blocked, id=5640, stack(0x000000552fd00000,0x000000552fe00000)]
  0x0000023c6225a000 JavaThread "jar transforms Thread 84" [_thread_blocked, id=10264, stack(0x000000552fe00000,0x000000552ff00000)]
  0x0000023c62258000 JavaThread "jar transforms Thread 85" [_thread_blocked, id=3336, stack(0x000000552ff00000,0x0000005530000000)]
  0x0000023c62259000 JavaThread "jar transforms Thread 86" [_thread_blocked, id=11204, stack(0x0000005530000000,0x0000005530100000)]
  0x0000023c62256800 JavaThread "jar transforms Thread 87" [_thread_blocked, id=8996, stack(0x0000005530100000,0x0000005530200000)]
  0x0000023c62254000 JavaThread "jar transforms Thread 88" [_thread_blocked, id=9100, stack(0x0000005530200000,0x0000005530300000)]
  0x0000023c6225a800 JavaThread "jar transforms Thread 89" [_thread_blocked, id=7824, stack(0x0000005530300000,0x0000005530400000)]
  0x0000023c62255000 JavaThread "jar transforms Thread 90" [_thread_blocked, id=2052, stack(0x0000005530400000,0x0000005530500000)]
  0x0000023c6225e000 JavaThread "jar transforms Thread 91" [_thread_blocked, id=11316, stack(0x0000005530500000,0x0000005530600000)]
  0x0000023c6225d000 JavaThread "jar transforms Thread 92" [_thread_blocked, id=12256, stack(0x0000005530600000,0x0000005530700000)]
  0x0000023c6225b800 JavaThread "jar transforms Thread 93" [_thread_blocked, id=4208, stack(0x0000005530700000,0x0000005530800000)]
  0x0000023c6225f800 JavaThread "jar transforms Thread 94" [_thread_blocked, id=5636, stack(0x0000005530800000,0x0000005530900000)]
  0x0000023c6225f000 JavaThread "Cache worker for Build Output Cleanup Cache (D:\Projects\Lab411\VirtualAssistentUAVs\.gradle\buildOutputCleanup)" [_thread_blocked, id=2072, stack(0x000000552a000000,0x000000552a100000)]
  0x0000023c6225c800 JavaThread "Memory manager" [_thread_blocked, id=4900, stack(0x0000005530a00000,0x0000005530b00000)]
  0x0000023c6047c000 JavaThread "Cache worker for file content cache (D:\Projects\Lab411\VirtualAssistentUAVs\.gradle\6.5\fileContent)" [_thread_blocked, id=6840, stack(0x0000005530b00000,0x0000005530c00000)]
  0x0000023c6047a800 JavaThread "Execution worker for ':'" [_thread_blocked, id=3156, stack(0x0000005530c00000,0x0000005530d00000)]
  0x0000023c60481000 JavaThread "Execution worker for ':' Thread 2" [_thread_blocked, id=9720, stack(0x0000005530d00000,0x0000005530e00000)]
  0x0000023c6047b800 JavaThread "Execution worker for ':' Thread 3" [_thread_blocked, id=8148, stack(0x0000005530e00000,0x0000005530f00000)]
  0x0000023c60482800 JavaThread "Cache worker for execution history cache (D:\Projects\Lab411\VirtualAssistentUAVs\.gradle\6.5\executionHistory)" [_thread_blocked, id=5108, stack(0x0000005530f00000,0x0000005531000000)]
  0x0000023c60482000 JavaThread "WorkerExecutor Queue" [_thread_in_Java, id=5600, stack(0x0000005531000000,0x0000005531100000)]
  0x0000023c6047d000 JavaThread "WorkerExecutor Queue Thread 2" [_thread_blocked, id=3204, stack(0x0000005531100000,0x0000005531200000)]
  0x0000023c60483800 JavaThread "WorkerExecutor Queue Thread 3" [_thread_blocked, id=6200, stack(0x0000005531200000,0x0000005531300000)]
  0x0000023c60484800 JavaThread "WorkerExecutor Queue Thread 5" [_thread_blocked, id=4520, stack(0x0000005531400000,0x0000005531500000)]
  0x0000023c6047f800 JavaThread "pool-2-thread-1" [_thread_blocked, id=7252, stack(0x0000005531500000,0x0000005531600000)]
  0x0000023c6047e800 JavaThread "stderr" [_thread_in_native, id=2600, stack(0x0000005531600000,0x0000005531700000)]
  0x0000023c60489800 JavaThread "stdout" [_thread_in_native, id=8160, stack(0x0000005531700000,0x0000005531800000)]
=>0x0000023c64b9f800 JavaThread "C2 CompilerThread1" daemon [_thread_in_native, id=9680, stack(0x0000005530900000,0x0000005530a00000)]

Other Threads:
  0x0000023c5cdd9800 VMThread "VM Thread" [stack: 0x0000005528300000,0x0000005528400000] [id=9976]
  0x0000023c5d8e1800 WatcherThread [stack: 0x0000005528d00000,0x0000005528e00000] [id=9340]
  0x0000023c43203000 GCTaskThread "GC Thread#0" [stack: 0x0000005527e00000,0x0000005527f00000] [id=8892]
  0x0000023c5df02800 GCTaskThread "GC Thread#1" [stack: 0x0000005528e00000,0x0000005528f00000] [id=11120]
  0x0000023c5db62000 GCTaskThread "GC Thread#2" [stack: 0x0000005528f00000,0x0000005529000000] [id=1792]
  0x0000023c5f53a800 GCTaskThread "GC Thread#3" [stack: 0x0000005529c00000,0x0000005529d00000] [id=6508]
  0x0000023c43235000 ConcurrentGCThread "G1 Main Marker" [stack: 0x0000005527f00000,0x0000005528000000] [id=10572]
  0x0000023c43236000 ConcurrentGCThread "G1 Conc#0" [stack: 0x0000005528000000,0x0000005528100000] [id=8304]
  0x0000023c432c6800 ConcurrentGCThread "G1 Refine#0" [stack: 0x0000005528100000,0x0000005528200000] [id=6336]
  0x0000023c432c7800 ConcurrentGCThread "G1 Young RemSet Sampling" [stack: 0x0000005528200000,0x0000005528300000] [id=6972]

Threads with active compile tasks:
C2 CompilerThread0  29223 11812       4       com.android.tools.r8.ir.regalloc.a::a (264 bytes)
C2 CompilerThread1  29223 11740       4       com.android.tools.r8.ir.optimize.K::a (282 bytes)

VM state:not at safepoint (normal execution)

VM Mutex/Monitor currently owned by a thread: None

Heap address: 0x0000000080000000, size: 2048 MB, Compressed Oops mode: 32-bit
Narrow klass base: 0x0000000000000000, Narrow klass shift: 3
Compressed class space size: 1073741824 Address: 0x0000000100000000

Heap:
 garbage-first heap   total 155648K, used 87516K [0x0000000080000000, 0x0000000100000000)
  region size 1024K, 4 young (4096K), 1 survivors (1024K)
 Metaspace       used 88894K, capacity 91108K, committed 91472K, reserved 1128448K
  class space    used 11497K, capacity 12306K, committed 12416K, reserved 1048576K
Heap Regions: E=young(eden), S=young(survivor), O=old, HS=humongous(starts), HC=humongous(continues), CS=collection set, F=free, A=archive, TAMS=top-at-mark-start (previous, next)
|   0|0x0000000080000000, 0x0000000080100000, 0x0000000080100000|100%|HS|  |TAMS 0x0000000080100000, 0x0000000080000000| Complete 
|   1|0x0000000080100000, 0x0000000080200000, 0x0000000080200000|100%| O|  |TAMS 0x0000000080200000, 0x0000000080100000| Untracked 
|   2|0x0000000080200000, 0x0000000080300000, 0x0000000080300000|100%| O|  |TAMS 0x0000000080300000, 0x0000000080200000| Untracked 
|   3|0x0000000080300000, 0x0000000080400000, 0x0000000080400000|100%|HS|  |TAMS 0x0000000080400000, 0x0000000080300000| Complete 
|   4|0x0000000080400000, 0x0000000080500000, 0x0000000080500000|100%|HC|  |TAMS 0x0000000080500000, 0x0000000080400000| Complete 
|   5|0x0000000080500000, 0x0000000080600000, 0x0000000080600000|100%|HC|  |TAMS 0x0000000080600000, 0x0000000080500000| Complete 
|   6|0x0000000080600000, 0x0000000080700000, 0x0000000080700000|100%| O|  |TAMS 0x0000000080700000, 0x0000000080600000| Untracked 
|   7|0x0000000080700000, 0x0000000080800000, 0x0000000080800000|100%| O|  |TAMS 0x0000000080800000, 0x0000000080700000| Untracked 
|   8|0x0000000080800000, 0x0000000080900000, 0x0000000080900000|100%| O|  |TAMS 0x0000000080900000, 0x0000000080800000| Untracked 
|   9|0x0000000080900000, 0x0000000080a00000, 0x0000000080a00000|100%| O|  |TAMS 0x0000000080a00000, 0x0000000080900000| Untracked 
|  10|0x0000000080a00000, 0x0000000080b00000, 0x0000000080b00000|100%| O|  |TAMS 0x0000000080b00000, 0x0000000080a00000| Untracked 
|  11|0x0000000080b00000, 0x0000000080c00000, 0x0000000080c00000|100%| O|  |TAMS 0x0000000080c00000, 0x0000000080b00000| Untracked 
|  12|0x0000000080c00000, 0x0000000080d00000, 0x0000000080d00000|100%| O|  |TAMS 0x0000000080d00000, 0x0000000080c00000| Untracked 
|  13|0x0000000080d00000, 0x0000000080e00000, 0x0000000080e00000|100%| O|  |TAMS 0x0000000080e00000, 0x0000000080d00000| Untracked 
|  14|0x0000000080e00000, 0x0000000080f00000, 0x0000000080f00000|100%| O|  |TAMS 0x0000000080f00000, 0x0000000080e00000| Untracked 
|  15|0x0000000080f00000, 0x0000000081000000, 0x0000000081000000|100%| O|  |TAMS 0x0000000081000000, 0x0000000080f00000| Untracked 
|  16|0x0000000081000000, 0x0000000081100000, 0x0000000081100000|100%| O|  |TAMS 0x0000000081100000, 0x0000000081000000| Untracked 
|  17|0x0000000081100000, 0x0000000081200000, 0x0000000081200000|100%|HS|  |TAMS 0x0000000081200000, 0x0000000081100000| Complete 
|  18|0x0000000081200000, 0x0000000081300000, 0x0000000081300000|100%|HC|  |TAMS 0x0000000081300000, 0x0000000081200000| Complete 
|  19|0x0000000081300000, 0x0000000081400000, 0x0000000081400000|100%| O|  |TAMS 0x0000000081400000, 0x0000000081300000| Untracked 
|  20|0x0000000081400000, 0x0000000081500000, 0x0000000081500000|100%| O|  |TAMS 0x0000000081500000, 0x0000000081400000| Untracked 
|  21|0x0000000081500000, 0x0000000081600000, 0x0000000081600000|100%| O|  |TAMS 0x0000000081600000, 0x0000000081500000| Untracked 
|  22|0x0000000081600000, 0x0000000081700000, 0x0000000081700000|100%| O|  |TAMS 0x0000000081700000, 0x0000000081600000| Untracked 
|  23|0x0000000081700000, 0x0000000081800000, 0x0000000081800000|100%| O|  |TAMS 0x0000000081800000, 0x0000000081700000| Untracked 
|  24|0x0000000081800000, 0x0000000081900000, 0x0000000081900000|100%| O|  |TAMS 0x0000000081900000, 0x0000000081800000| Untracked 
|  25|0x0000000081900000, 0x0000000081a00000, 0x0000000081a00000|100%| O|  |TAMS 0x0000000081a00000, 0x0000000081900000| Untracked 
|  26|0x0000000081a00000, 0x0000000081b00000, 0x0000000081b00000|100%| O|  |TAMS 0x0000000081b00000, 0x0000000081a00000| Untracked 
|  27|0x0000000081b00000, 0x0000000081c00000, 0x0000000081c00000|100%| O|  |TAMS 0x0000000081c00000, 0x0000000081b00000| Untracked 
|  28|0x0000000081c00000, 0x0000000081d00000, 0x0000000081d00000|100%| O|  |TAMS 0x0000000081d00000, 0x0000000081c00000| Untracked 
|  29|0x0000000081d00000, 0x0000000081e00000, 0x0000000081e00000|100%| O|  |TAMS 0x0000000081e00000, 0x0000000081d00000| Untracked 
|  30|0x0000000081e00000, 0x0000000081f00000, 0x0000000081f00000|100%| O|  |TAMS 0x0000000081f00000, 0x0000000081e00000| Untracked 
|  31|0x0000000081f00000, 0x0000000082000000, 0x0000000082000000|100%| O|  |TAMS 0x0000000082000000, 0x0000000081f00000| Untracked 
|  32|0x0000000082000000, 0x0000000082100000, 0x0000000082100000|100%| O|  |TAMS 0x0000000082100000, 0x0000000082000000| Untracked 
|  33|0x0000000082100000, 0x0000000082200000, 0x0000000082200000|100%| O|  |TAMS 0x0000000082200000, 0x0000000082100000| Untracked 
|  34|0x0000000082200000, 0x0000000082300000, 0x0000000082300000|100%| O|  |TAMS 0x0000000082300000, 0x0000000082200000| Untracked 
|  35|0x0000000082300000, 0x0000000082400000, 0x0000000082400000|100%| O|  |TAMS 0x0000000082400000, 0x0000000082300000| Untracked 
|  36|0x0000000082400000, 0x0000000082500000, 0x0000000082500000|100%| O|  |TAMS 0x0000000082500000, 0x0000000082400000| Untracked 
|  37|0x0000000082500000, 0x0000000082600000, 0x0000000082600000|100%| O|  |TAMS 0x0000000082600000, 0x0000000082500000| Untracked 
|  38|0x0000000082600000, 0x0000000082700000, 0x0000000082700000|100%| O|  |TAMS 0x0000000082700000, 0x0000000082600000| Untracked 
|  39|0x0000000082700000, 0x0000000082800000, 0x0000000082800000|100%| O|  |TAMS 0x0000000082800000, 0x0000000082700000| Untracked 
|  40|0x0000000082800000, 0x0000000082900000, 0x0000000082900000|100%| O|  |TAMS 0x0000000082900000, 0x0000000082800000| Untracked 
|  41|0x0000000082900000, 0x0000000082a00000, 0x0000000082a00000|100%| O|  |TAMS 0x0000000082a00000, 0x0000000082900000| Untracked 
|  42|0x0000000082a00000, 0x0000000082b00000, 0x0000000082b00000|100%| O|  |TAMS 0x0000000082b00000, 0x0000000082a00000| Untracked 
|  43|0x0000000082b00000, 0x0000000082c00000, 0x0000000082c00000|100%| O|  |TAMS 0x0000000082c00000, 0x0000000082b00000| Untracked 
|  44|0x0000000082c00000, 0x0000000082d00000, 0x0000000082d00000|100%| O|  |TAMS 0x0000000082d00000, 0x0000000082c00000| Untracked 
|  45|0x0000000082d00000, 0x0000000082e00000, 0x0000000082e00000|100%| O|  |TAMS 0x0000000082e00000, 0x0000000082d00000| Untracked 
|  46|0x0000000082e00000, 0x0000000082f00000, 0x0000000082f00000|100%| O|  |TAMS 0x0000000082f00000, 0x0000000082e00000| Untracked 
|  47|0x0000000082f00000, 0x0000000083000000, 0x0000000083000000|100%| O|  |TAMS 0x0000000083000000, 0x0000000082f00000| Untracked 
|  48|0x0000000083000000, 0x0000000083100000, 0x0000000083100000|100%| O|  |TAMS 0x0000000083100000, 0x0000000083000000| Untracked 
|  49|0x0000000083100000, 0x0000000083200000, 0x0000000083200000|100%| O|  |TAMS 0x0000000083200000, 0x0000000083100000| Untracked 
|  50|0x0000000083200000, 0x0000000083300000, 0x0000000083300000|100%| O|  |TAMS 0x0000000083300000, 0x0000000083200000| Untracked 
|  51|0x0000000083300000, 0x0000000083400000, 0x0000000083400000|100%| O|  |TAMS 0x0000000083400000, 0x0000000083300000| Untracked 
|  52|0x0000000083400000, 0x0000000083500000, 0x0000000083500000|100%| O|  |TAMS 0x0000000083500000, 0x0000000083400000| Untracked 
|  53|0x0000000083500000, 0x0000000083600000, 0x0000000083600000|100%| O|  |TAMS 0x0000000083600000, 0x0000000083500000| Untracked 
|  54|0x0000000083600000, 0x0000000083700000, 0x0000000083700000|100%| O|  |TAMS 0x0000000083700000, 0x0000000083600000| Untracked 
|  55|0x0000000083700000, 0x0000000083800000, 0x0000000083800000|100%| O|  |TAMS 0x0000000083800000, 0x0000000083700000| Untracked 
|  56|0x0000000083800000, 0x0000000083900000, 0x0000000083900000|100%| O|  |TAMS 0x0000000083900000, 0x0000000083800000| Untracked 
|  57|0x0000000083900000, 0x0000000083a00000, 0x0000000083a00000|100%| O|  |TAMS 0x0000000083a00000, 0x0000000083900000| Untracked 
|  58|0x0000000083a00000, 0x0000000083b00000, 0x0000000083b00000|100%| O|  |TAMS 0x0000000083b00000, 0x0000000083a00000| Untracked 
|  59|0x0000000083b00000, 0x0000000083c00000, 0x0000000083c00000|100%| O|  |TAMS 0x0000000083c00000, 0x0000000083b00000| Untracked 
|  60|0x0000000083c00000, 0x0000000083d00000, 0x0000000083d00000|100%| O|  |TAMS 0x0000000083d00000, 0x0000000083c00000| Untracked 
|  61|0x0000000083d00000, 0x0000000083e00000, 0x0000000083e00000|100%|HS|  |TAMS 0x0000000083e00000, 0x0000000083d00000| Complete 
|  62|0x0000000083e00000, 0x0000000083f00000, 0x0000000083f00000|100%|HC|  |TAMS 0x0000000083f00000, 0x0000000083e00000| Complete 
|  63|0x0000000083f00000, 0x0000000084000000, 0x0000000084000000|100%| O|  |TAMS 0x0000000084000000, 0x0000000083f00000| Untracked 
|  64|0x0000000084000000, 0x0000000084100000, 0x0000000084100000|100%| O|  |TAMS 0x0000000084100000, 0x0000000084000000| Untracked 
|  65|0x0000000084100000, 0x0000000084200000, 0x0000000084200000|100%| O|  |TAMS 0x0000000084200000, 0x0000000084100000| Untracked 
|  66|0x0000000084200000, 0x0000000084300000, 0x0000000084300000|100%| O|  |TAMS 0x0000000084300000, 0x0000000084200000| Untracked 
|  67|0x0000000084300000, 0x0000000084400000, 0x0000000084400000|100%| O|  |TAMS 0x0000000084400000, 0x0000000084300000| Untracked 
|  68|0x0000000084400000, 0x0000000084500000, 0x0000000084500000|100%| O|  |TAMS 0x0000000084500000, 0x0000000084400000| Untracked 
|  69|0x0000000084500000, 0x0000000084600000, 0x0000000084600000|100%| O|  |TAMS 0x0000000084600000, 0x0000000084500000| Untracked 
|  70|0x0000000084600000, 0x0000000084700000, 0x0000000084700000|100%| O|  |TAMS 0x0000000084700000, 0x0000000084600000| Untracked 
|  71|0x0000000084700000, 0x0000000084800000, 0x0000000084800000|100%| O|  |TAMS 0x0000000084800000, 0x0000000084700000| Untracked 
|  72|0x0000000084800000, 0x0000000084900000, 0x0000000084900000|100%| O|  |TAMS 0x0000000084900000, 0x0000000084800000| Untracked 
|  73|0x0000000084900000, 0x0000000084a00000, 0x0000000084a00000|100%| O|  |TAMS 0x0000000084a00000, 0x0000000084900000| Untracked 
|  74|0x0000000084a00000, 0x0000000084b00000, 0x0000000084b00000|100%| O|  |TAMS 0x0000000084b00000, 0x0000000084a00000| Untracked 
|  75|0x0000000084b00000, 0x0000000084c00000, 0x0000000084c00000|100%| O|  |TAMS 0x0000000084bba400, 0x0000000084b00000| Untracked 
|  76|0x0000000084c00000, 0x0000000084d00000, 0x0000000084d00000|100%| O|  |TAMS 0x0000000084c00000, 0x0000000084c00000| Untracked 
|  77|0x0000000084d00000, 0x0000000084e00000, 0x0000000084e00000|100%| O|  |TAMS 0x0000000084d00000, 0x0000000084d00000| Untracked 
|  78|0x0000000084e00000, 0x0000000084f00000, 0x0000000084f00000|100%| O|  |TAMS 0x0000000084e00000, 0x0000000084e00000| Untracked 
|  79|0x0000000084f00000, 0x0000000085000000, 0x0000000085000000|100%| O|  |TAMS 0x0000000084f00000, 0x0000000084f00000| Untracked 
|  80|0x0000000085000000, 0x0000000085100000, 0x0000000085100000|100%| O|  |TAMS 0x0000000085000000, 0x0000000085000000| Untracked 
|  81|0x0000000085100000, 0x0000000085200000, 0x0000000085200000|100%| O|  |TAMS 0x0000000085100000, 0x0000000085100000| Untracked 
|  82|0x0000000085200000, 0x0000000085277000, 0x0000000085300000| 46%| O|  |TAMS 0x0000000085200000, 0x0000000085200000| Untracked 
|  83|0x0000000085300000, 0x0000000085300000, 0x0000000085400000|  0%| F|  |TAMS 0x0000000085300000, 0x0000000085300000| Untracked 
|  84|0x0000000085400000, 0x0000000085400000, 0x0000000085500000|  0%| F|  |TAMS 0x0000000085400000, 0x0000000085400000| Untracked 
|  85|0x0000000085500000, 0x0000000085500000, 0x0000000085600000|  0%| F|  |TAMS 0x0000000085500000, 0x0000000085500000| Untracked 
|  86|0x0000000085600000, 0x0000000085600000, 0x0000000085700000|  0%| F|  |TAMS 0x0000000085600000, 0x0000000085600000| Untracked 
|  87|0x0000000085700000, 0x0000000085700000, 0x0000000085800000|  0%| F|  |TAMS 0x0000000085700000, 0x0000000085700000| Untracked 
|  88|0x0000000085800000, 0x0000000085800000, 0x0000000085900000|  0%| F|  |TAMS 0x0000000085800000, 0x0000000085800000| Untracked 
|  89|0x0000000085900000, 0x0000000085900000, 0x0000000085a00000|  0%| F|  |TAMS 0x0000000085900000, 0x0000000085900000| Untracked 
|  90|0x0000000085a00000, 0x0000000085a00000, 0x0000000085b00000|  0%| F|  |TAMS 0x0000000085a00000, 0x0000000085a00000| Untracked 
|  91|0x0000000085b00000, 0x0000000085b00000, 0x0000000085c00000|  0%| F|  |TAMS 0x0000000085b00000, 0x0000000085b00000| Untracked 
|  92|0x0000000085c00000, 0x0000000085c00000, 0x0000000085d00000|  0%| F|  |TAMS 0x0000000085c00000, 0x0000000085c00000| Untracked 
|  93|0x0000000085d00000, 0x0000000085d00000, 0x0000000085e00000|  0%| F|  |TAMS 0x0000000085d00000, 0x0000000085d00000| Untracked 
|  94|0x0000000085e00000, 0x0000000085e00000, 0x0000000085f00000|  0%| F|  |TAMS 0x0000000085e00000, 0x0000000085e00000| Untracked 
|  95|0x0000000085f00000, 0x0000000085f00000, 0x0000000086000000|  0%| F|  |TAMS 0x0000000085f00000, 0x0000000085f00000| Untracked 
|  96|0x0000000086000000, 0x0000000086000000, 0x0000000086100000|  0%| F|  |TAMS 0x0000000086000000, 0x0000000086000000| Untracked 
|  97|0x0000000086100000, 0x0000000086100000, 0x0000000086200000|  0%| F|  |TAMS 0x0000000086100000, 0x0000000086100000| Untracked 
|  98|0x0000000086200000, 0x0000000086200000, 0x0000000086300000|  0%| F|  |TAMS 0x0000000086200000, 0x0000000086200000| Untracked 
|  99|0x0000000086300000, 0x0000000086300000, 0x0000000086400000|  0%| F|  |TAMS 0x0000000086300000, 0x0000000086300000| Untracked 
| 100|0x0000000086400000, 0x0000000086400000, 0x0000000086500000|  0%| F|  |TAMS 0x0000000086400000, 0x0000000086400000| Untracked 
| 101|0x0000000086500000, 0x0000000086500000, 0x0000000086600000|  0%| F|  |TAMS 0x0000000086500000, 0x0000000086500000| Untracked 
| 102|0x0000000086600000, 0x0000000086600000, 0x0000000086700000|  0%| F|  |TAMS 0x0000000086600000, 0x0000000086600000| Untracked 
| 103|0x0000000086700000, 0x0000000086700000, 0x0000000086800000|  0%| F|  |TAMS 0x0000000086700000, 0x0000000086700000| Untracked 
| 104|0x0000000086800000, 0x0000000086800000, 0x0000000086900000|  0%| F|  |TAMS 0x0000000086800000, 0x0000000086800000| Untracked 
| 105|0x0000000086900000, 0x0000000086900000, 0x0000000086a00000|  0%| F|  |TAMS 0x0000000086900000, 0x0000000086900000| Untracked 
| 106|0x0000000086a00000, 0x0000000086a00000, 0x0000000086b00000|  0%| F|  |TAMS 0x0000000086a00000, 0x0000000086a00000| Untracked 
| 107|0x0000000086b00000, 0x0000000086b00000, 0x0000000086c00000|  0%| F|  |TAMS 0x0000000086b00000, 0x0000000086b00000| Untracked 
| 108|0x0000000086c00000, 0x0000000086c00000, 0x0000000086d00000|  0%| F|  |TAMS 0x0000000086c00000, 0x0000000086c00000| Untracked 
| 109|0x0000000086d00000, 0x0000000086e00000, 0x0000000086e00000|100%| S|CS|TAMS 0x0000000086d00000, 0x0000000086d00000| Complete 
| 110|0x0000000086e00000, 0x0000000086e00000, 0x0000000086f00000|  0%| F|  |TAMS 0x0000000086e00000, 0x0000000086e00000| Untracked 
| 111|0x0000000086f00000, 0x0000000086f00000, 0x0000000087000000|  0%| F|  |TAMS 0x0000000086f00000, 0x0000000086f00000| Untracked 
| 112|0x0000000087000000, 0x0000000087000000, 0x0000000087100000|  0%| F|  |TAMS 0x0000000087000000, 0x0000000087000000| Untracked 
| 113|0x0000000087100000, 0x0000000087100000, 0x0000000087200000|  0%| F|  |TAMS 0x0000000087100000, 0x0000000087100000| Untracked 
| 114|0x0000000087200000, 0x0000000087200000, 0x0000000087300000|  0%| F|  |TAMS 0x0000000087200000, 0x0000000087200000| Untracked 
| 115|0x0000000087300000, 0x0000000087300000, 0x0000000087400000|  0%| F|  |TAMS 0x0000000087300000, 0x0000000087300000| Untracked 
| 116|0x0000000087400000, 0x0000000087400000, 0x0000000087500000|  0%| F|  |TAMS 0x0000000087400000, 0x0000000087400000| Untracked 
| 117|0x0000000087500000, 0x0000000087500000, 0x0000000087600000|  0%| F|  |TAMS 0x0000000087500000, 0x0000000087500000| Untracked 
| 118|0x0000000087600000, 0x0000000087600000, 0x0000000087700000|  0%| F|  |TAMS 0x0000000087600000, 0x0000000087600000| Untracked 
| 119|0x0000000087700000, 0x0000000087700000, 0x0000000087800000|  0%| F|  |TAMS 0x0000000087700000, 0x0000000087700000| Untracked 
| 120|0x0000000087800000, 0x0000000087800000, 0x0000000087900000|  0%| F|  |TAMS 0x0000000087800000, 0x0000000087800000| Untracked 
| 121|0x0000000087900000, 0x0000000087900000, 0x0000000087a00000|  0%| F|  |TAMS 0x0000000087900000, 0x0000000087900000| Untracked 
| 122|0x0000000087a00000, 0x0000000087a00000, 0x0000000087b00000|  0%| F|  |TAMS 0x0000000087a00000, 0x0000000087a00000| Untracked 
| 123|0x0000000087b00000, 0x0000000087b00000, 0x0000000087c00000|  0%| F|  |TAMS 0x0000000087b00000, 0x0000000087b00000| Untracked 
| 124|0x0000000087c00000, 0x0000000087c00000, 0x0000000087d00000|  0%| F|  |TAMS 0x0000000087c00000, 0x0000000087c00000| Untracked 
| 125|0x0000000087d00000, 0x0000000087d00000, 0x0000000087e00000|  0%| F|  |TAMS 0x0000000087d00000, 0x0000000087d00000| Untracked 
| 126|0x0000000087e00000, 0x0000000087e00000, 0x0000000087f00000|  0%| F|  |TAMS 0x0000000087e00000, 0x0000000087e00000| Untracked 
| 127|0x0000000087f00000, 0x0000000087f00000, 0x0000000088000000|  0%| F|  |TAMS 0x0000000087f00000, 0x0000000087f00000| Untracked 
| 128|0x0000000088000000, 0x0000000088000000, 0x0000000088100000|  0%| F|  |TAMS 0x0000000088000000, 0x0000000088000000| Untracked 
| 129|0x0000000088100000, 0x0000000088100000, 0x0000000088200000|  0%| F|  |TAMS 0x0000000088100000, 0x0000000088100000| Untracked 
| 130|0x0000000088200000, 0x0000000088200000, 0x0000000088300000|  0%| F|  |TAMS 0x0000000088200000, 0x0000000088200000| Untracked 
| 131|0x0000000088300000, 0x0000000088300000, 0x0000000088400000|  0%| F|  |TAMS 0x0000000088300000, 0x0000000088300000| Untracked 
| 132|0x0000000088400000, 0x0000000088400000, 0x0000000088500000|  0%| F|  |TAMS 0x0000000088400000, 0x0000000088400000| Untracked 
| 133|0x0000000088500000, 0x0000000088500000, 0x0000000088600000|  0%| F|  |TAMS 0x0000000088500000, 0x0000000088500000| Untracked 
| 134|0x0000000088600000, 0x0000000088600000, 0x0000000088700000|  0%| F|  |TAMS 0x0000000088600000, 0x0000000088600000| Untracked 
| 135|0x0000000088700000, 0x0000000088700000, 0x0000000088800000|  0%| F|  |TAMS 0x0000000088700000, 0x0000000088700000| Untracked 
| 136|0x0000000088800000, 0x0000000088800000, 0x0000000088900000|  0%| F|  |TAMS 0x0000000088800000, 0x0000000088800000| Untracked 
| 137|0x0000000088900000, 0x0000000088900000, 0x0000000088a00000|  0%| F|  |TAMS 0x0000000088900000, 0x0000000088900000| Untracked 
| 138|0x0000000088a00000, 0x0000000088a00000, 0x0000000088b00000|  0%| F|  |TAMS 0x0000000088a00000, 0x0000000088a00000| Untracked 
| 139|0x0000000088b00000, 0x0000000088b00000, 0x0000000088c00000|  0%| F|  |TAMS 0x0000000088b00000, 0x0000000088b00000| Untracked 
| 140|0x0000000088c00000, 0x0000000088c00000, 0x0000000088d00000|  0%| F|  |TAMS 0x0000000088c00000, 0x0000000088c00000| Untracked 
| 141|0x0000000088d00000, 0x0000000088d00000, 0x0000000088e00000|  0%| F|  |TAMS 0x0000000088d00000, 0x0000000088d00000| Untracked 
| 142|0x0000000088e00000, 0x0000000088e00000, 0x0000000088f00000|  0%| F|  |TAMS 0x0000000088e00000, 0x0000000088e00000| Untracked 
| 143|0x0000000088f00000, 0x0000000088f00000, 0x0000000089000000|  0%| F|  |TAMS 0x0000000088f00000, 0x0000000088f00000| Untracked 
| 144|0x0000000089000000, 0x0000000089000000, 0x0000000089100000|  0%| F|  |TAMS 0x0000000089000000, 0x0000000089000000| Untracked 
| 145|0x0000000089100000, 0x0000000089100000, 0x0000000089200000|  0%| F|  |TAMS 0x0000000089100000, 0x0000000089100000| Untracked 
| 146|0x0000000089200000, 0x0000000089200000, 0x0000000089300000|  0%| F|  |TAMS 0x0000000089200000, 0x0000000089200000| Untracked 
| 147|0x0000000089300000, 0x0000000089300000, 0x0000000089400000|  0%| F|  |TAMS 0x0000000089300000, 0x0000000089300000| Untracked 
| 148|0x0000000089400000, 0x0000000089480800, 0x0000000089500000| 50%| E|  |TAMS 0x0000000089400000, 0x0000000089400000| Complete 
| 149|0x0000000089500000, 0x0000000089600000, 0x0000000089600000|100%| E|CS|TAMS 0x0000000089500000, 0x0000000089500000| Complete 
| 150|0x0000000089600000, 0x0000000089700000, 0x0000000089700000|100%| E|CS|TAMS 0x0000000089600000, 0x0000000089600000| Complete 
| 151|0x0000000089700000, 0x0000000089800000, 0x0000000089800000|100%| E|CS|TAMS 0x0000000089700000, 0x0000000089700000| Complete 

Card table byte_map: [0x0000023c56100000,0x0000023c56500000] _byte_map_base: 0x0000023c55d00000

Marking Bits (Prev, Next): (CMBitMap*) 0x0000023c4322bf68, (CMBitMap*) 0x0000023c4322bfa0
 Prev Bits: [0x0000023c56900000, 0x0000023c58900000)
 Next Bits: [0x0000023c58900000, 0x0000023c5a900000)

Polling page: 0x0000023c41070000

Metaspace:

Usage:
  Non-class:     76.96 MB capacity,    75.59 MB ( 98%) used,     1.13 MB (  1%) free+waste,   242.88 KB ( <1%) overhead. 
      Class:     12.02 MB capacity,    11.23 MB ( 93%) used,   695.98 KB (  6%) free+waste,   112.56 KB ( <1%) overhead. 
       Both:     88.97 MB capacity,    86.81 MB ( 98%) used,     1.81 MB (  2%) free+waste,   355.44 KB ( <1%) overhead. 

Virtual space:
  Non-class space:       78.00 MB reserved,      77.20 MB ( 99%) committed 
      Class space:        1.00 GB reserved,      12.13 MB (  1%) committed 
             Both:        1.08 GB reserved,      89.33 MB (  8%) committed 

Chunk freelists:
   Non-Class:  62.00 KB
       Class:  46.00 KB
        Both:  108.00 KB

MaxMetaspaceSize: 17179869184.00 GB
CompressedClassSpaceSize: 1.00 GB
Initial GC threshold: 20.80 MB
Current GC threshold: 148.05 MB
CDS: off

CodeHeap 'non-profiled nmethods': size=120064Kb used=6824Kb max_used=6824Kb free=113240Kb
 bounds [0x0000023c4e7c0000, 0x0000023c4ee70000, 0x0000023c55d00000]
CodeHeap 'profiled nmethods': size=120000Kb used=27316Kb max_used=27316Kb free=92684Kb
 bounds [0x0000023c47290000, 0x0000023c48d40000, 0x0000023c4e7c0000]
CodeHeap 'non-nmethods': size=5696Kb used=2370Kb max_used=2405Kb free=3325Kb
 bounds [0x0000023c46d00000, 0x0000023c46f70000, 0x0000023c47290000]
 total_blobs=12662 nmethods=11781 adapters=792
 compilation: enabled
              stopped_count=0, restarted_count=0
 full_count=0

Compilation events (20 events):
Event: 29.119 Thread 0x0000023c5ce10000 nmethod 11796 0x0000023c4ee65c10 code [0x0000023c4ee65dc0, 0x0000023c4ee65e78]
Event: 29.119 Thread 0x0000023c5ce10000 11799       1       com.android.tools.r8.s.c.Z::a (5 bytes)
Event: 29.119 Thread 0x0000023c5ce10000 nmethod 11799 0x0000023c4ee65f10 code [0x0000023c4ee660c0, 0x0000023c4ee66178]
Event: 29.119 Thread 0x0000023c5ce10000 11800       1       com.android.tools.r8.p.n.l::e (2 bytes)
Event: 29.119 Thread 0x0000023c5ce10000 nmethod 11800 0x0000023c4ee66210 code [0x0000023c4ee663c0, 0x0000023c4ee66478]
Event: 29.119 Thread 0x0000023c5ce10000 11801       3       com.android.tools.r8.t.a.a.a.f.d0::d (44 bytes)
Event: 29.120 Thread 0x0000023c5ce10000 nmethod 11801 0x0000023c48d0f590 code [0x0000023c48d0f780, 0x0000023c48d0fc78]
Event: 29.123 Thread 0x0000023c5ce0b800 nmethod 11747 0x0000023c4ee66510 code [0x0000023c4ee66720, 0x0000023c4ee67ab8]
Event: 29.124 Thread 0x0000023c5ce0b800 11782       4       com.android.tools.r8.s.a.p.l::b (4 bytes)
Event: 29.124 Thread 0x0000023c5ce0b800 nmethod 11782 0x0000023c4ee68190 code [0x0000023c4ee68320, 0x0000023c4ee68378]
Event: 29.124 Thread 0x0000023c5ce0b800 11774       4       com.android.tools.r8.ir.conversion.q::d (6 bytes)
Event: 29.124 Thread 0x0000023c5ce0b800 nmethod 11774 0x0000023c4ee68490 code [0x0000023c4ee68620, 0x0000023c4ee68698]
Event: 29.124 Thread 0x0000023c5ce0b800 11766       4       jdk.internal.misc.Unsafe::weakCompareAndSetInt (11 bytes)
Event: 29.125 Thread 0x0000023c5ce0b800 nmethod 11766 0x0000023c4ee68790 code [0x0000023c4ee68920, 0x0000023c4ee68998]
Event: 29.126 Thread 0x0000023c5ce0b800 11802       4       com.android.tools.r8.s.b.k0::<init> (45 bytes)
Event: 29.128 Thread 0x0000023c5ce10000 11803       3       com.android.tools.r8.ir.optimize.l::s (281 bytes)
Event: 29.132 Thread 0x0000023c5ce10000 nmethod 11803 0x0000023c48d0fe10 code [0x0000023c48d103c0, 0x0000023c48d13f78]
Event: 29.135 Thread 0x0000023c5ce0b800 nmethod 11802 0x0000023c4ee68a90 code [0x0000023c4ee68c40, 0x0000023c4ee69158]
Event: 29.139 Thread 0x0000023c5ce10000 11804       3       com.android.tools.r8.s.c.i::a (480 bytes)
Event: 29.156 Thread 0x0000023c5ce0b800 11810       4       com.android.tools.r8.s.b.o::a (39 bytes)

GC Heap History (20 events):
Event: 16.012 GC heap before
{Heap before GC invocations=12 (full 0):
 garbage-first heap   total 155648K, used 110578K [0x0000000080000000, 0x0000000100000000)
  region size 1024K, 67 young (68608K), 2 survivors (2048K)
 Metaspace       used 64891K, capacity 66381K, committed 66512K, reserved 1107968K
  class space    used 8354K, capacity 8917K, committed 8960K, reserved 1048576K
}
Event: 16.024 GC heap after
{Heap after GC invocations=13 (full 0):
 garbage-first heap   total 155648K, used 49519K [0x0000000080000000, 0x0000000100000000)
  region size 1024K, 8 young (8192K), 8 survivors (8192K)
 Metaspace       used 64891K, capacity 66381K, committed 66512K, reserved 1107968K
  class space    used 8354K, capacity 8917K, committed 8960K, reserved 1048576K
}
Event: 18.011 GC heap before
{Heap before GC invocations=13 (full 0):
 garbage-first heap   total 155648K, used 115055K [0x0000000080000000, 0x0000000100000000)
  region size 1024K, 72 young (73728K), 8 survivors (8192K)
 Metaspace       used 70762K, capacity 72402K, committed 72528K, reserved 1112064K
  class space    used 9219K, capacity 9827K, committed 9856K, reserved 1048576K
}
Event: 18.027 GC heap after
{Heap after GC invocations=14 (full 0):
 garbage-first heap   total 155648K, used 53422K [0x0000000080000000, 0x0000000100000000)
  region size 1024K, 4 young (4096K), 4 survivors (4096K)
 Metaspace       used 70762K, capacity 72402K, committed 72528K, reserved 1112064K
  class space    used 9219K, capacity 9827K, committed 9856K, reserved 1048576K
}
Event: 20.217 GC heap before
{Heap before GC invocations=14 (full 0):
 garbage-first heap   total 155648K, used 116910K [0x0000000080000000, 0x0000000100000000)
  region size 1024K, 67 young (68608K), 4 survivors (4096K)
 Metaspace       used 73470K, capacity 75318K, committed 75600K, reserved 1114112K
  class space    used 9561K, capacity 10241K, committed 10368K, reserved 1048576K
}
Event: 20.232 GC heap after
{Heap after GC invocations=15 (full 0):
 garbage-first heap   total 155648K, used 58180K [0x0000000080000000, 0x0000000100000000)
  region size 1024K, 9 young (9216K), 9 survivors (9216K)
 Metaspace       used 73470K, capacity 75318K, committed 75600K, reserved 1114112K
  class space    used 9561K, capacity 10241K, committed 10368K, reserved 1048576K
}
Event: 21.667 GC heap before
{Heap before GC invocations=15 (full 0):
 garbage-first heap   total 155648K, used 120644K [0x0000000080000000, 0x0000000100000000)
  region size 1024K, 70 young (71680K), 9 survivors (9216K)
 Metaspace       used 74680K, capacity 76505K, committed 76624K, reserved 1116160K
  class space    used 9665K, capacity 10301K, committed 10368K, reserved 1048576K
}
Event: 21.684 GC heap after
{Heap after GC invocations=16 (full 0):
 garbage-first heap   total 155648K, used 61882K [0x0000000080000000, 0x0000000100000000)
  region size 1024K, 9 young (9216K), 9 survivors (9216K)
 Metaspace       used 74680K, capacity 76505K, committed 76624K, reserved 1116160K
  class space    used 9665K, capacity 10301K, committed 10368K, reserved 1048576K
}
Event: 23.283 GC heap before
{Heap before GC invocations=16 (full 0):
 garbage-first heap   total 155648K, used 121274K [0x0000000080000000, 0x0000000100000000)
  region size 1024K, 68 young (69632K), 9 survivors (9216K)
 Metaspace       used 78813K, capacity 80729K, committed 80848K, reserved 1120256K
  class space    used 10168K, capacity 10901K, committed 11008K, reserved 1048576K
}
Event: 23.303 GC heap after
{Heap after GC invocations=17 (full 0):
 garbage-first heap   total 155648K, used 64518K [0x0000000080000000, 0x0000000100000000)
  region size 1024K, 7 young (7168K), 7 survivors (7168K)
 Metaspace       used 78813K, capacity 80729K, committed 80848K, reserved 1120256K
  class space    used 10168K, capacity 10901K, committed 11008K, reserved 1048576K
}
Event: 24.647 GC heap before
{Heap before GC invocations=17 (full 0):
 garbage-first heap   total 155648K, used 123910K [0x0000000080000000, 0x0000000100000000)
  region size 1024K, 66 young (67584K), 7 survivors (7168K)
 Metaspace       used 78990K, capacity 80916K, committed 81104K, reserved 1120256K
  class space    used 10188K, capacity 10939K, committed 11008K, reserved 1048576K
}
Event: 24.661 GC heap after
{Heap after GC invocations=18 (full 0):
 garbage-first heap   total 155648K, used 67737K [0x0000000080000000, 0x0000000100000000)
  region size 1024K, 6 young (6144K), 6 survivors (6144K)
 Metaspace       used 78990K, capacity 80916K, committed 81104K, reserved 1120256K
  class space    used 10188K, capacity 10939K, committed 11008K, reserved 1048576K
}
Event: 25.798 GC heap before
{Heap before GC invocations=18 (full 0):
 garbage-first heap   total 155648K, used 128153K [0x0000000080000000, 0x0000000100000000)
  region size 1024K, 64 young (65536K), 6 survivors (6144K)
 Metaspace       used 80217K, capacity 82216K, committed 82256K, reserved 1120256K
  class space    used 10365K, capacity 11100K, committed 11136K, reserved 1048576K
}
Event: 25.814 GC heap after
{Heap after GC invocations=19 (full 0):
 garbage-first heap   total 155648K, used 76456K [0x0000000080000000, 0x0000000100000000)
  region size 1024K, 8 young (8192K), 8 survivors (8192K)
 Metaspace       used 80217K, capacity 82216K, committed 82256K, reserved 1120256K
  class space    used 10365K, capacity 11100K, committed 11136K, reserved 1048576K
}
Event: 26.469 GC heap before
{Heap before GC invocations=19 (full 0):
 garbage-first heap   total 155648K, used 124584K [0x0000000080000000, 0x0000000100000000)
  region size 1024K, 56 young (57344K), 8 survivors (8192K)
 Metaspace       used 82293K, capacity 84234K, committed 84304K, reserved 1122304K
  class space    used 10645K, capacity 11370K, committed 11392K, reserved 1048576K
}
Event: 26.482 GC heap after
{Heap after GC invocations=20 (full 0):
 garbage-first heap   total 155648K, used 80896K [0x0000000080000000, 0x0000000100000000)
  region size 1024K, 4 young (4096K), 4 survivors (4096K)
 Metaspace       used 82293K, capacity 84234K, committed 84304K, reserved 1122304K
  class space    used 10645K, capacity 11370K, committed 11392K, reserved 1048576K
}
Event: 27.994 GC heap before
{Heap before GC invocations=20 (full 0):
 garbage-first heap   total 155648K, used 126976K [0x0000000080000000, 0x0000000100000000)
  region size 1024K, 50 young (51200K), 4 survivors (4096K)
 Metaspace       used 88243K, capacity 90455K, committed 90704K, reserved 1128448K
  class space    used 11485K, capacity 12329K, committed 12416K, reserved 1048576K
}
Event: 28.032 GC heap after
{Heap after GC invocations=21 (full 0):
 garbage-first heap   total 155648K, used 84713K [0x0000000080000000, 0x0000000100000000)
  region size 1024K, 7 young (7168K), 7 survivors (7168K)
 Metaspace       used 88243K, capacity 90455K, committed 90704K, reserved 1128448K
  class space    used 11485K, capacity 12329K, committed 12416K, reserved 1048576K
}
Event: 29.140 GC heap before
{Heap before GC invocations=22 (full 0):
 garbage-first heap   total 155648K, used 126697K [0x0000000080000000, 0x0000000100000000)
  region size 1024K, 49 young (50176K), 7 survivors (7168K)
 Metaspace       used 88853K, capacity 91043K, committed 91216K, reserved 1128448K
  class space    used 11497K, capacity 12306K, committed 12416K, reserved 1048576K
}
Event: 29.153 GC heap after
{Heap after GC invocations=23 (full 0):
 garbage-first heap   total 155648K, used 85468K [0x0000000080000000, 0x0000000100000000)
  region size 1024K, 1 young (1024K), 1 survivors (1024K)
 Metaspace       used 88853K, capacity 91043K, committed 91216K, reserved 1128448K
  class space    used 11497K, capacity 12306K, committed 12416K, reserved 1048576K
}

Deoptimization events (20 events):
Event: 26.983 Thread 0x0000023c60483800 DEOPT PACKING pc=0x0000023c475c0fa7 sp=0x00000055312fd180
Event: 26.983 Thread 0x0000023c60483800 DEOPT UNPACKING pc=0x0000023c46d4a95e sp=0x00000055312fc6f8 mode 0
Event: 26.984 Thread 0x0000023c60483800 DEOPT PACKING pc=0x0000023c475c0fa7 sp=0x00000055312fd180
Event: 26.984 Thread 0x0000023c60483800 DEOPT UNPACKING pc=0x0000023c46d4a95e sp=0x00000055312fc6f8 mode 0
Event: 26.984 Thread 0x0000023c60483800 DEOPT PACKING pc=0x0000023c475c0fa7 sp=0x00000055312fd180
Event: 26.984 Thread 0x0000023c60483800 DEOPT UNPACKING pc=0x0000023c46d4a95e sp=0x00000055312fc6f8 mode 0
Event: 26.985 Thread 0x0000023c60483800 DEOPT PACKING pc=0x0000023c475c0fa7 sp=0x00000055312fd180
Event: 26.985 Thread 0x0000023c60483800 DEOPT UNPACKING pc=0x0000023c46d4a95e sp=0x00000055312fc6f8 mode 0
Event: 26.986 Thread 0x0000023c60483800 DEOPT PACKING pc=0x0000023c475c0fa7 sp=0x00000055312fd180
Event: 26.986 Thread 0x0000023c60483800 DEOPT UNPACKING pc=0x0000023c46d4a95e sp=0x00000055312fc6f8 mode 0
Event: 26.986 Thread 0x0000023c60483800 DEOPT PACKING pc=0x0000023c475c0fa7 sp=0x00000055312fd180
Event: 26.986 Thread 0x0000023c60483800 DEOPT UNPACKING pc=0x0000023c46d4a95e sp=0x00000055312fc6f8 mode 0
Event: 27.521 Thread 0x0000023c60482000 Uncommon trap: trap_request=0xffffff4d fr.pc=0x0000023c4eb6c660 relative=0x0000000000000340
Event: 27.521 Thread 0x0000023c60482000 Uncommon trap: reason=unstable_if action=reinterpret pc=0x0000023c4eb6c660 method=java.util.HashMap$HashIterator.<init>(Ljava/util/HashMap;)V @ 45 c2
Event: 27.521 Thread 0x0000023c60482000 DEOPT PACKING pc=0x0000023c4eb6c660 sp=0x00000055310fc470
Event: 27.521 Thread 0x0000023c60482000 DEOPT UNPACKING pc=0x0000023c46d4a1af sp=0x00000055310fc428 mode 2
Event: 27.636 Thread 0x0000023c60482000 Uncommon trap: trap_request=0xffffff4d fr.pc=0x0000023c4edc2490 relative=0x0000000000000710
Event: 27.636 Thread 0x0000023c60482000 Uncommon trap: reason=unstable_if action=reinterpret pc=0x0000023c4edc2490 method=com.android.tools.r8.graph.i0.f()Z @ 33 c2
Event: 27.636 Thread 0x0000023c60482000 DEOPT PACKING pc=0x0000023c4edc2490 sp=0x00000055310fc2e0
Event: 27.636 Thread 0x0000023c60482000 DEOPT UNPACKING pc=0x0000023c46d4a1af sp=0x00000055310fc2b8 mode 2

Classes redefined (0 events):
No events

Internal exceptions (20 events):
Event: 26.462 Thread 0x0000023c60482000 Exception <a 'java/lang/NoSuchMethodError'{0x0000000086878630}: 'java.lang.Object java.lang.invoke.DirectMethodHandle$Holder.invokeStatic(java.lang.Object, long)'> (0x0000000086878630) thrown at [./src/hotspot/share/interpreter/linkResolver.cpp, line 773]
Event: 26.617 Thread 0x0000023c60481000 Exception <a 'java/lang/NoSuchMethodError'{0x00000000892a39a8}: <clinit>> (0x00000000892a39a8) thrown at [./src/hotspot/share/prims/jni.cpp, line 1365]
Event: 26.618 Thread 0x0000023c60481000 Exception <a 'java/lang/NoSuchMethodError'{0x00000000892bb480}: <clinit>> (0x00000000892bb480) thrown at [./src/hotspot/share/prims/jni.cpp, line 1365]
Event: 26.629 Thread 0x0000023c60481000 Exception <a 'java/lang/NoSuchMethodError'{0x0000000089128e20}: <clinit>> (0x0000000089128e20) thrown at [./src/hotspot/share/prims/jni.cpp, line 1365]
Event: 26.646 Thread 0x0000023c60481000 Exception <a 'java/lang/NoSuchMethodError'{0x0000000089049a10}: <clinit>> (0x0000000089049a10) thrown at [./src/hotspot/share/prims/jni.cpp, line 1365]
Event: 26.680 Thread 0x0000023c60482000 Exception <a 'java/lang/NoSuchMethodError'{0x0000000088f6a0f0}: 'void java.lang.invoke.DirectMethodHandle$Holder.invokeStatic(java.lang.Object, java.lang.Object, java.lang.Object, int)'> (0x0000000088f6a0f0) thrown at [./src/hotspot/share/interpreter/linkResolver.cpp, line 773]
Event: 26.681 Thread 0x0000023c60482000 Exception <a 'java/lang/IncompatibleClassChangeError'{0x0000000088f722f0}: Found class java.lang.Object, but interface was expected> (0x0000000088f722f0) thrown at [./src/hotspot/share/interpreter/linkResolver.cpp, line 839]
Event: 26.697 Thread 0x0000023c60483800 Exception <a 'java/lang/NoSuchMethodError'{0x0000000088fddb28}: 'void java.lang.invoke.DirectMethodHandle$Holder.invokeStatic(java.lang.Object, long)'> (0x0000000088fddb28) thrown at [./src/hotspot/share/interpreter/linkResolver.cpp, line 773]
Event: 26.700 Thread 0x0000023c60483800 Exception <a 'java/lang/NoSuchMethodError'{0x0000000088e4efc0}: 'java.lang.Object java.lang.invoke.DirectMethodHandle$Holder.invokeStaticInit(java.lang.Object, java.lang.Object, long, java.lang.Object)'> (0x0000000088e4efc0) thrown at [./src/hotspot/share/interpreter/linkResolver.cpp, line 773]
Event: 26.700 Thread 0x0000023c60483800 Exception <a 'java/lang/NoSuchMethodError'{0x0000000088e551a8}: 'java.lang.Object java.lang.invoke.DirectMethodHandle$Holder.invokeStatic(java.lang.Object, java.lang.Object, long)'> (0x0000000088e551a8) thrown at [./src/hotspot/share/interpreter/linkResolver.cpp, line 773]
Event: 26.701 Thread 0x0000023c60483800 Exception <a 'java/lang/NoSuchMethodError'{0x0000000088e5b980}: 'java.lang.Object java.lang.invoke.Invokers$Holder.linkToTargetMethod(java.lang.Object, long, java.lang.Object)'> (0x0000000088e5b980) thrown at [./src/hotspot/share/interpreter/linkResolver.cpp, line 773]
Event: 26.757 Thread 0x0000023c60482000 Exception <a 'java/lang/NoSuchMethodError'{0x0000000088dcc370}: 'long java.lang.invoke.DirectMethodHandle$Holder.invokeStatic(java.lang.Object, java.lang.Object)'> (0x0000000088dcc370) thrown at [./src/hotspot/share/interpreter/linkResolver.cpp, line 773]
Event: 26.972 Thread 0x0000023c60483800 Exception <a 'java/lang/NoSuchMethodError'{0x00000000885f6ab0}: 'int java.lang.invoke.DirectMethodHandle$Holder.invokeSpecialIFC(java.lang.Object, java.lang.Object, java.lang.Object)'> (0x00000000885f6ab0) thrown at [./src/hotspot/share/interpreter/linkResolver.cpp, line 773]
Event: 26.985 Thread 0x0000023c60482000 Exception <a 'java/lang/NoSuchMethodError'{0x0000000088424888}: 'void java.lang.invoke.DirectMethodHandle$Holder.invokeStaticInit(java.lang.Object, java.lang.Object, java.lang.Object, java.lang.Object, java.lang.Object)'> (0x0000000088424888) thrown at [./src/hotspot/share/interpreter/linkResolver.cpp, line 773]
Event: 27.026 Thread 0x0000023c60482000 Exception <a 'java/lang/NoSuchMethodError'{0x000000008832d818}: 'java.lang.Object java.lang.invoke.DirectMethodHandle$Holder.invokeStatic(java.lang.Object, int, java.lang.Object, java.lang.Object)'> (0x000000008832d818) thrown at [./src/hotspot/share/interpreter/linkResolver.cpp, line 773]
Event: 27.055 Thread 0x0000023c60482000 Exception <a 'java/lang/NoSuchMethodError'{0x00000000883c2090}: 'void java.lang.invoke.DirectMethodHandle$Holder.invokeSpecial(java.lang.Object, java.lang.Object, int, java.lang.Object)'> (0x00000000883c2090) thrown at [./src/hotspot/share/interpreter/linkResolver.cpp, line 773]
Event: 27.160 Thread 0x0000023c60482000 Exception <a 'java/lang/NoSuchMethodError'{0x00000000880e6f80}: 'java.lang.Object java.lang.invoke.DirectMethodHandle$Holder.invokeVirtual(java.lang.Object, java.lang.Object, int, java.lang.Object)'> (0x00000000880e6f80) thrown at [./src/hotspot/share/interpreter/linkResolver.cpp, line 773]
Event: 27.193 Thread 0x0000023c60482000 Exception <a 'java/lang/NoSuchMethodError'{0x0000000087fd4e78}: 'void java.lang.invoke.DirectMethodHandle$Holder.invokeVirtual(java.lang.Object, java.lang.Object, int, java.lang.Object)'> (0x0000000087fd4e78) thrown at [./src/hotspot/share/interpreter/linkResolver.cpp, line 773]
Event: 27.268 Thread 0x0000023c60482000 Exception <a 'java/lang/NoSuchMethodError'{0x0000000087df2fd8}: 'java.lang.Object java.lang.invoke.DirectMethodHandle$Holder.newInvokeSpecial(java.lang.Object, int)'> (0x0000000087df2fd8) thrown at [./src/hotspot/share/interpreter/linkResolver.cpp, line 773]
Event: 27.781 Thread 0x0000023c60482000 Exception <a 'java/lang/NoSuchMethodError'{0x00000000870f1370}: 'java.lang.Object java.lang.invoke.DirectMethodHandle$Holder.invokeInterface(java.lang.Object, java.lang.Object, int)'> (0x00000000870f1370) thrown at [./src/hotspot/share/interpreter/linkResolver.cpp, line 773]

Events (20 events):
Event: 28.492 loading class com/android/tools/r8/code/K0 done
Event: 28.494 loading class com/android/tools/r8/s/b/k0
Event: 28.494 loading class com/android/tools/r8/s/b/k0 done
Event: 28.608 Executing VM operation: ICBufferFull
Event: 28.608 Executing VM operation: ICBufferFull done
Event: 28.677 Executing VM operation: RevokeBias
Event: 28.678 Executing VM operation: RevokeBias done
Event: 28.678 Thread 0x0000023c6047e000 Thread exited: 0x0000023c6047e000
Event: 28.799 loading class com/android/tools/r8/t/a/a/a/f/W
Event: 28.799 loading class com/android/tools/r8/t/a/a/a/f/W done
Event: 28.849 loading class com/android/tools/r8/s/a/p/l
Event: 28.849 loading class com/android/tools/r8/s/a/p/l done
Event: 28.849 loading class com/android/tools/r8/s/a/p/l
Event: 28.849 loading class com/android/tools/r8/s/a/p/l done
Event: 28.849 loading class com/android/tools/r8/s/a/p/a
Event: 28.849 loading class com/android/tools/r8/s/a/p/a done
Event: 29.044 Executing VM operation: ICBufferFull
Event: 29.045 Executing VM operation: ICBufferFull done
Event: 29.140 Executing VM operation: G1CollectForAllocation
Event: 29.153 Executing VM operation: G1CollectForAllocation done


Dynamic libraries:
0x00007ff628750000 - 0x00007ff62875a000 	C:\Program Files\Android\Android Studio\jre\bin\java.exe
0x00007ff92a110000 - 0x00007ff92a308000 	C:\Windows\SYSTEM32\ntdll.dll
0x00007ff9295f0000 - 0x00007ff9296af000 	C:\Windows\System32\KERNEL32.DLL
0x00007ff927cd0000 - 0x00007ff927fa2000 	C:\Windows\System32\KERNELBASE.dll
0x00007ff927a90000 - 0x00007ff927b90000 	C:\Windows\System32\ucrtbase.dll
0x00007ff922c80000 - 0x00007ff922c97000 	C:\Program Files\Android\Android Studio\jre\bin\VCRUNTIME140.dll
0x00007ff922c60000 - 0x00007ff922c79000 	C:\Program Files\Android\Android Studio\jre\bin\jli.dll
0x00007ff929450000 - 0x00007ff9295ed000 	C:\Windows\System32\USER32.dll
0x00007ff927900000 - 0x00007ff927922000 	C:\Windows\System32\win32u.dll
0x00007ff9296c0000 - 0x00007ff9296eb000 	C:\Windows\System32\GDI32.dll
0x00007ff9174a0000 - 0x00007ff91773a000 	C:\Windows\WinSxS\amd64_microsoft.windows.common-controls_6595b64144ccf1df_6.0.19041.1110_none_60b5254171f9507e\COMCTL32.dll
0x00007ff928050000 - 0x00007ff92815f000 	C:\Windows\System32\gdi32full.dll
0x00007ff9299c0000 - 0x00007ff929a5e000 	C:\Windows\System32\msvcrt.dll
0x00007ff927fb0000 - 0x00007ff92804d000 	C:\Windows\System32\msvcp_win.dll
0x00007ff928910000 - 0x00007ff928942000 	C:\Windows\System32\IMM32.DLL
0x00007ff921130000 - 0x00007ff9211cd000 	C:\Program Files\Android\Android Studio\jre\bin\msvcp140.dll
0x00007ff8d39f0000 - 0x00007ff8d44d5000 	C:\Program Files\Android\Android Studio\jre\bin\server\jvm.dll
0x00007ff9293a0000 - 0x00007ff92944e000 	C:\Windows\System32\ADVAPI32.dll
0x00007ff929fa0000 - 0x00007ff92a03c000 	C:\Windows\System32\sechost.dll
0x00007ff928cb0000 - 0x00007ff928dd5000 	C:\Windows\System32\RPCRT4.dll
0x00007ff928950000 - 0x00007ff928958000 	C:\Windows\System32\PSAPI.DLL
0x00007ff917210000 - 0x00007ff917237000 	C:\Windows\SYSTEM32\WINMM.dll
0x00007ff9142c0000 - 0x00007ff9142c9000 	C:\Windows\SYSTEM32\WSOCK32.dll
0x00007ff91fb00000 - 0x00007ff91fb0a000 	C:\Windows\SYSTEM32\VERSION.dll
0x00007ff928b10000 - 0x00007ff928b7b000 	C:\Windows\System32\WS2_32.dll
0x00007ff926060000 - 0x00007ff926072000 	C:\Windows\SYSTEM32\kernel.appcore.dll
0x00007ff91fa70000 - 0x00007ff91fa81000 	C:\Program Files\Android\Android Studio\jre\bin\verify.dll
0x00007ff925d60000 - 0x00007ff925f44000 	C:\Windows\SYSTEM32\DBGHELP.DLL
0x00007ff90e600000 - 0x00007ff90e62c000 	C:\Windows\SYSTEM32\dbgcore.DLL
0x00007ff927c40000 - 0x00007ff927cc2000 	C:\Windows\System32\bcryptPrimitives.dll
0x00007ff902fa0000 - 0x00007ff902fc9000 	C:\Program Files\Android\Android Studio\jre\bin\java.dll
0x00007ff920940000 - 0x00007ff92094b000 	C:\Program Files\Android\Android Studio\jre\bin\jimage.dll
0x00007ff902c40000 - 0x00007ff902c58000 	C:\Program Files\Android\Android Studio\jre\bin\zip.dll
0x00007ff9281c0000 - 0x00007ff928903000 	C:\Windows\System32\SHELL32.dll
0x00007ff9255c0000 - 0x00007ff925d52000 	C:\Windows\SYSTEM32\windows.storage.dll
0x00007ff929040000 - 0x00007ff929394000 	C:\Windows\System32\combase.dll
0x00007ff927190000 - 0x00007ff9271c0000 	C:\Windows\SYSTEM32\Wldp.dll
0x00007ff9298b0000 - 0x00007ff92995d000 	C:\Windows\System32\SHCORE.dll
0x00007ff928160000 - 0x00007ff9281b5000 	C:\Windows\System32\shlwapi.dll
0x00007ff927750000 - 0x00007ff92776f000 	C:\Windows\SYSTEM32\profapi.dll
0x00007ff8fdf90000 - 0x00007ff8fdfaa000 	C:\Program Files\Android\Android Studio\jre\bin\net.dll
0x00007ff9177e0000 - 0x00007ff9178ec000 	C:\Windows\SYSTEM32\WINHTTP.dll
0x00007ff926ef0000 - 0x00007ff926f5a000 	C:\Windows\system32\mswsock.dll
0x00007ff8fdf70000 - 0x00007ff8fdf84000 	C:\Program Files\Android\Android Studio\jre\bin\nio.dll
0x00007ff8fd9d0000 - 0x00007ff8fd9f7000 	C:\Users\HungNguyen\.gradle\native\f6784746aeab05261644944871eae4fe03e0ef1612fff0a4a95f87b438bc6780\windows-amd64\native-platform.dll
0x00007ff902f70000 - 0x00007ff902f7a000 	C:\Program Files\Android\Android Studio\jre\bin\management.dll
0x00007ff902ca0000 - 0x00007ff902cad000 	C:\Program Files\Android\Android Studio\jre\bin\management_ext.dll
0x00007ff9270e0000 - 0x00007ff9270f8000 	C:\Windows\SYSTEM32\CRYPTSP.dll
0x00007ff926810000 - 0x00007ff926844000 	C:\Windows\system32\rsaenh.dll
0x00007ff9278d0000 - 0x00007ff9278f7000 	C:\Windows\System32\bcrypt.dll
0x00007ff927710000 - 0x00007ff92773e000 	C:\Windows\SYSTEM32\USERENV.dll
0x00007ff927100000 - 0x00007ff92710c000 	C:\Windows\SYSTEM32\CRYPTBASE.dll
0x00007ff926be0000 - 0x00007ff926c1b000 	C:\Windows\SYSTEM32\IPHLPAPI.DLL
0x00007ff9297a0000 - 0x00007ff9297a8000 	C:\Windows\System32\NSI.dll
0x00007ff91bd20000 - 0x00007ff91bd37000 	C:\Windows\SYSTEM32\dhcpcsvc6.DLL
0x00007ff91f510000 - 0x00007ff91f52d000 	C:\Windows\SYSTEM32\dhcpcsvc.DLL
0x00007ff926c20000 - 0x00007ff926cea000 	C:\Windows\SYSTEM32\DNSAPI.dll
0x00007ff91fb30000 - 0x00007ff91fb3b000 	C:\Windows\SYSTEM32\WINNSI.DLL

dbghelp: loaded successfully - version: 4.0.5 - missing functions: none
symbol engine: initialized successfully - sym options: 0x614 - pdb path: .;C:\Program Files\Android\Android Studio\jre\bin;C:\Windows\SYSTEM32;C:\Windows\WinSxS\amd64_microsoft.windows.common-controls_6595b64144ccf1df_6.0.19041.1110_none_60b5254171f9507e;C:\Program Files\Android\Android Studio\jre\bin\server;C:\Users\HungNguyen\.gradle\native\f6784746aeab05261644944871eae4fe03e0ef1612fff0a4a95f87b438bc6780\windows-amd64

VM Arguments:
jvm_args: --add-opens=java.base/java.util=ALL-UNNAMED --add-opens=java.base/java.lang=ALL-UNNAMED --add-opens=java.base/java.lang.invoke=ALL-UNNAMED --add-opens=java.prefs/java.util.prefs=ALL-UNNAMED -Xmx2048m -Dfile.encoding=UTF-8 -Duser.country=US -Duser.language=en -Duser.variant 
java_command: org.gradle.launcher.daemon.bootstrap.GradleDaemon 6.5
java_class_path (initial): C:\Users\HungNguyen\.gradle\wrapper\dists\gradle-6.5-all\2oz4ud9k3tuxjg84bbf55q0tn\gradle-6.5\lib\gradle-launcher-6.5.jar
Launcher Type: SUN_STANDARD

[Global flags]
     intx CICompilerCount                          = 3                                         {product} {ergonomic}
     uint ConcGCThreads                            = 1                                         {product} {ergonomic}
     uint G1ConcRefinementThreads                  = 4                                         {product} {ergonomic}
   size_t G1HeapRegionSize                         = 1048576                                   {product} {ergonomic}
    uintx GCDrainStackTargetSize                   = 64                                        {product} {ergonomic}
   size_t InitialHeapSize                          = 132120576                                 {product} {ergonomic}
   size_t MarkStackSize                            = 4194304                                   {product} {ergonomic}
   size_t MaxHeapSize                              = 2147483648                                {product} {command line}
   size_t MaxNewSize                               = 1287651328                                {product} {ergonomic}
   size_t MinHeapDeltaBytes                        = 1048576                                   {product} {ergonomic}
    uintx NonNMethodCodeHeapSize                   = 5830732                                {pd product} {ergonomic}
    uintx NonProfiledCodeHeapSize                  = 122913754                              {pd product} {ergonomic}
    uintx ProfiledCodeHeapSize                     = 122913754                              {pd product} {ergonomic}
    uintx ReservedCodeCacheSize                    = 251658240                              {pd product} {ergonomic}
     bool SegmentedCodeCache                       = true                                      {product} {ergonomic}
     bool UseCompressedClassPointers               = true                                 {lp64_product} {ergonomic}
     bool UseCompressedOops                        = true                                 {lp64_product} {ergonomic}
     bool UseG1GC                                  = true                                      {product} {ergonomic}
     bool UseLargePagesIndividualAllocation        = false                                  {pd product} {ergonomic}

Logging:
Log output configuration:
 #0: stdout all=warning uptime,level,tags
 #1: stderr all=off uptime,level,tags

Environment Variables:
JAVA_HOME=C:\Program Files\Java\jdk-11.0.15.1
PATH=C:\Program Files\Common Files\Oracle\Java\javapath;C:\Windows\system32;C:\Windows;C:\Windows\System32\Wbem;C:\Windows\System32\WindowsPowerShell\v1.0\;C:\Windows\System32\OpenSSH\;C:\Program Files\Git\cmd;C:\Program Files\Java\jdk-11.0.15.1\bin;C:\MinGW\bin;C:\Users\HungNguyen\AppData\Local\Microsoft\WindowsApps;;C:\Users\HungNguyen\AppData\Local\Programs\Microsoft VS Code\bin
USERNAME=HungNguyen
OS=Windows_NT
PROCESSOR_IDENTIFIER=Intel64 Family 6 Model 78 Stepping 3, GenuineIntel



---------------  S Y S T E M  ---------------

OS: Windows 10 , 64 bit Build 19041 (10.0.19041.2251)
OS uptime: 0 days 0:32 hours

CPU:total 4 (initial active 4) (2 cores per cpu, 2 threads per core) family 6 model 78 stepping 3 microcode 0xec, cmov, cx8, fxsr, mmx, sse, sse2, sse3, ssse3, sse4.1, sse4.2, popcnt, avx, avx2, aes, clmul, erms, rtm, 3dnowpref, lzcnt, ht, tsc, tscinvbit, bmi1, bmi2, adx, fma

Memory: 4k page, system-wide physical 8053M (467M free)
TotalPageFile size 9955M (AvailPageFile size 4M)
current process WorkingSet (physical memory assigned to process): 395M, peak: 401M
current process commit charge ("private bytes"): 429M, peak: 434M

vm_info: OpenJDK 64-Bit Server VM (11.0.12+7-b1504.28-7817840) for windows-amd64 JRE (11.0.12+7-b1504.28-7817840), built on Oct 13 2021 22:12:33 by "builder" with MS VC++ 14.0 (VS2015)

END.
